  Animation.cpp
  Apple.cpp
  Ball.cpp
  Bat.cpp
  BlueHeart.cpp
  BlueVase.cpp
  Camera.cpp
  C:\Program Files (x86)\Microsoft DirectX SDK (June 2010)\Include\dinput.h: DIRECTINPUT_VERSION undefined. Defaulting to version 0x0800
D:\Documents\Game\SE102.K11-Game\MyGameProject\Game\Camera.cpp(13,16): warning C4244: '=': conversion from 'int' to 'float', possible loss of data
D:\Documents\Game\SE102.K11-Game\MyGameProject\Game\Camera.cpp(14,17): warning C4244: '=': conversion from 'int' to 'float', possible loss of data
D:\Documents\Game\SE102.K11-Game\MyGameProject\Game\Camera.cpp(37,9): warning C4244: 'return': conversion from 'float' to 'int', possible loss of data
D:\Documents\Game\SE102.K11-Game\MyGameProject\Game\Camera.cpp(42,9): warning C4244: 'return': conversion from 'float' to 'int', possible loss of data
  ChainedPillar.cpp
  CollisionDetector.cpp
D:\Documents\Game\SE102.K11-Game\MyGameProject\Game\Camera.cpp(95,34): warning C4244: '=': conversion from 'float' to 'int', possible loss of data
D:\Documents\Game\SE102.K11-Game\MyGameProject\Game\CollisionDetector.cpp(68,43): warning C4244: 'argument': conversion from 'double' to 'FLOAT', possible loss of data
D:\Documents\Game\SE102.K11-Game\MyGameProject\Game\CollisionDetector.cpp(70,35): warning C4244: 'argument': conversion from 'double' to 'FLOAT', possible loss of data
D:\Documents\Game\SE102.K11-Game\MyGameProject\Game\CollisionDetector.cpp(159,23): warning C4244: 'argument': conversion from 'double' to 'FLOAT', possible loss of data
  Enemy.cpp
D:\Documents\Game\SE102.K11-Game\MyGameProject\Game\CollisionDetector.cpp(160,24): warning C4244: 'argument': conversion from 'double' to 'FLOAT', possible loss of data
D:\Documents\Game\SE102.K11-Game\MyGameProject\Game\Enemy.cpp(109,50): warning C4244: 'argument': conversion from 'float' to 'int', possible loss of data
D:\Documents\Game\SE102.K11-Game\MyGameProject\Game\Enemy.cpp(110,20): warning C4244: 'argument': conversion from 'float' to 'int', possible loss of data
D:\Documents\Game\SE102.K11-Game\MyGameProject\Game\Enemy.cpp(111,51): warning C4244: 'argument': conversion from 'float' to 'int', possible loss of data
  EnemyData.cpp
  EnemyState.cpp
  Entity.cpp
D:\Documents\Game\SE102.K11-Game\MyGameProject\Game\Enemy.cpp(112,19): warning C4244: 'argument': conversion from 'float' to 'int', possible loss of data
D:\Documents\Game\SE102.K11-Game\MyGameProject\Game\Entity.cpp(180,16): warning C4244: '=': conversion from 'int' to 'float', possible loss of data
D:\Documents\Game\SE102.K11-Game\MyGameProject\Game\Entity.cpp(189,17): warning C4244: '=': conversion from 'int' to 'float', possible loss of data
D:\Documents\Game\SE102.K11-Game\MyGameProject\Game\Entity.cpp(212,17): warning C4244: '=': conversion from 'int' to 'float', possible loss of data
D:\Documents\Game\SE102.K11-Game\MyGameProject\Game\Entity.cpp(217,18): warning C4244: '=': conversion from 'int' to 'float', possible loss of data
D:\Documents\Game\SE102.K11-Game\MyGameProject\Game\Entity.cpp(222,20): warning C4244: '=': conversion from 'int' to 'float', possible loss of data
  ExitPort.cpp
  FatGuard.cpp
  FatGuardAttackState.cpp
D:\Documents\Game\SE102.K11-Game\MyGameProject\Game\Entity.cpp(227,19): warning C4244: '=': conversion from 'int' to 'float', possible loss of data
  GameManager.cpp
  GameMap.cpp
D:\Documents\Game\SE102.K11-Game\MyGameProject\Game\FatGuardAttackState.cpp(7,125): warning C4305: 'argument': truncation from 'double' to 'float'
D:\Documents\Game\SE102.K11-Game\MyGameProject\Game\FatGuardAttackState.cpp(7,125): warning C4305: C:\Program Files (x86)\Microsoft DirectX SDK (June 2010)\Include\dinput.h: DIRECTINPUT_VERSION undefined. Defaulting to version 0x0800
D:\Documents\Game\SE102.K11-Game\MyGameProject\Game\GameMap.cpp(122,14): warning C4244: '=': conversion from 'int' to 'float', possible loss of data
D:\Documents\Game\SE102.K11-Game\MyGameProject\Game\GameMap.cpp(123,15): warning C4244: '=': conversion from 'int' to 'float', possible loss of data
D:\Documents\Game\SE102.K11-Game\MyGameProject\Game\GameMap.cpp(167,61): warning C4244: 'argument': conversion from 'int' to 'float', possible loss of data
D:\Documents\Game\SE102.K11-Game\MyGameProject\Game\GameMap.cpp(167,46): warning C4244: 'argument': conversion from 'int' to 'float', possible loss of data
D:\Documents\Game\SE102.K11-Game\MyGameProject\Game\GameMap.cpp(199,42): warning C4244: 'argument': conversion from 'int' to 'float', possible loss of data
D:\Documents\Game\SE102.K11-Game\MyGameProject\Game\GameMap.cpp(199,26): warning C4244: 'argument': conversion from 'int' to 'float', possible loss of data
D:\Documents\Game\SE102.K11-Game\MyGameProject\Game\GameMap.cpp(207,13): warning C4244: '=': conversion from 'int' to 'float', possible loss of data
D:\Documents\Game\SE102.K11-Game\MyGameProject\Game\GameMap.cpp(208,14): warning C4244: '=': conversion from 'int' to 'float', possible loss of data
D:\Documents\Game\SE102.K11-Game\MyGameProject\Game\GameMap.cpp(209,21): warning C4244: '=': conversion from 'int' to 'float', possible loss of data
D:\Documents\Game\SE102.K11-Game\MyGameProject\Game\GameMap.cpp(210,20): warning C4244: '=': conversion from 'int' to 'float', possible loss of data
D:\Documents\Game\SE102.K11-Game\MyGameProject\Game\GameMap.cpp(377,34): warning C4244: '=': conversion from 'int' to 'float', possible loss of data
D:\Documents\Game\SE102.K11-Game\MyGameProject\Game\GameMap.cpp(379,26): warning C4244: '=': conversion from 'int' to 'float', possible loss of data
D:\Documents\Game\SE102.K11-Game\MyGameProject\Game\GameMap.cpp(385,85): warning C4244: 'argument': conversion from 'int' to 'FLOAT', possible loss of data
  Gem.cpp
  GenieToken.cpp
  Generating Code...
  Compiling...
  Graphic.cpp
  Grid.cpp
D:\Documents\Game\SE102.K11-Game\MyGameProject\Game\GameMap.cpp(385,40): warning C4244: 'argument': conversion from 'int' to 'FLOAT', possible loss of data
D:\Documents\Game\SE102.K11-Game\MyGameProject\Game\GameMap.cpp(385,40): warning C4244: C:\Program Files (x86)\Microsoft DirectX SDK (June 2010)\Include\dinput.h: DIRECTINPUT_VERSION undefined. Defaulting to version 0x0800
D:\Documents\Game\SE102.K11-Game\MyGameProject\Game\Grid.cpp(81,61): warning C4244: 'argument': conversion from 'int' to 'float', possible loss of data
D:\Documents\Game\SE102.K11-Game\MyGameProject\Game\Grid.cpp(82,63): warning C4244: 'argument': conversion from 'int' to 'float', possible loss of data
D:\Documents\Game\SE102.K11-Game\MyGameProject\Game\Grid.cpp(83,60): warning C4244: 'argument': conversion from 'int' to 'float', possible loss of data
D:\Documents\Game\SE102.K11-Game\MyGameProject\Game\Grid.cpp(84,66): warning C4244: 'argument': conversion from 'int' to 'float', possible loss of data
D:\Documents\Game\SE102.K11-Game\MyGameProject\Game\Grid.cpp(427,61): warning C4244: 'argument': conversion from 'int' to 'float', possible loss of data
D:\Documents\Game\SE102.K11-Game\MyGameProject\Game\Grid.cpp(428,63): warning C4244: 'argument': conversion from 'int' to 'float', possible loss of data
D:\Documents\Game\SE102.K11-Game\MyGameProject\Game\Grid.cpp(429,60): warning C4244: 'argument': conversion from 'int' to 'float', possible loss of data
  Item.cpp
  Main.cpp
D:\Documents\Game\SE102.K11-Game\MyGameProject\Game\Grid.cpp(430,66): warning C4244: 'argument': conversion from 'int' to 'float', possible loss of data
D:\Documents\Game\SE102.K11-Game\MyGameProject\Game\Grid.cpp(430,66): warning C4244: C:\Program Files (x86)\Microsoft DirectX SDK (June 2010)\Include\dinput.h: DIRECTINPUT_VERSION undefined. Defaulting to version 0x0800
D:\Documents\Game\SE102.K11-Game\MyGameProject\Game\Main.cpp(49,1): warning C4244: 'argument': conversion from 'double' to 'int', possible loss of data
  Obstacles.cpp
  Pillar.cpp
  Player.cpp
  PlayerClimbAttackState.cpp
  PlayerClimbJumpState.cpp
  PlayerClimbState.cpp
D:\Documents\Game\SE102.K11-Game\MyGameProject\Game\Main.cpp(112,14): warning C4244: 'argument': conversion from 'float' to 'DWORD', possible loss of data
D:\Documents\Game\SE102.K11-Game\MyGameProject\Game\Main.cpp(112,14): warning C4244: C:\Program Files (x86)\Microsoft DirectX SDK (June 2010)\Include\dinput.h: DIRECTINPUT_VERSION undefined. Defaulting to version 0x0800
D:\Documents\Game\SE102.K11-Game\MyGameProject\Game\Main.cpp(112,14): warning C4244: C:\Program Files (x86)\Microsoft DirectX SDK (June 2010)\Include\dinput.h: DIRECTINPUT_VERSION undefined. Defaulting to version 0x0800
D:\Documents\Game\SE102.K11-Game\MyGameProject\Game\Main.cpp(112,14): warning C4244: C:\Program Files (x86)\Microsoft DirectX SDK (June 2010)\Include\dinput.h: DIRECTINPUT_VERSION undefined. Defaulting to version 0x0800
D:\Documents\Game\SE102.K11-Game\MyGameProject\Game\Main.cpp(112,14): warning C4244: C:\Program Files (x86)\Microsoft DirectX SDK (June 2010)\Include\dinput.h: DIRECTINPUT_VERSION undefined. Defaulting to version 0x0800
D:\Documents\Game\SE102.K11-Game\MyGameProject\Game\PlayerClimbState.cpp(85,31): warning C4305: 'argument': truncation from 'double' to 'float'
  PlayerClimbThrowState.cpp
  PlayerDeathState.cpp
  PlayerDuckAttackState.cpp
  PlayerDuckState.cpp
D:\Documents\Game\SE102.K11-Game\MyGameProject\Game\PlayerClimbState.cpp(90,30): warning C4305: 'argument': truncation from 'double' to 'float'
D:\Documents\Game\SE102.K11-Game\MyGameProject\Game\PlayerClimbState.cpp(90,30): warning C4305: C:\Program Files (x86)\Microsoft DirectX SDK (June 2010)\Include\dinput.h: DIRECTINPUT_VERSION undefined. Defaulting to version 0x0800
D:\Documents\Game\SE102.K11-Game\MyGameProject\Game\PlayerClimbState.cpp(90,30): warning C4305: C:\Program Files (x86)\Microsoft DirectX SDK (June 2010)\Include\dinput.h: DIRECTINPUT_VERSION undefined. Defaulting to version 0x0800
D:\Documents\Game\SE102.K11-Game\MyGameProject\Game\PlayerClimbState.cpp(90,30): warning C4305: C:\Program Files (x86)\Microsoft DirectX SDK (June 2010)\Include\dinput.h: DIRECTINPUT_VERSION undefined. Defaulting to version 0x0800
D:\Documents\Game\SE102.K11-Game\MyGameProject\Game\PlayerClimbState.cpp(90,30): warning C4305: C:\Program Files (x86)\Microsoft DirectX SDK (June 2010)\Include\dinput.h: DIRECTINPUT_VERSION undefined. Defaulting to version 0x0800
D:\Documents\Game\SE102.K11-Game\MyGameProject\Game\PlayerDuckState.cpp(61,43): warning C4305: 'argument': truncation from 'double' to 'float'
  PlayerDuckThrowState.cpp
  PlayerFallState.cpp
D:\Documents\Game\SE102.K11-Game\MyGameProject\Game\PlayerDuckState.cpp(65,44): warning C4305: 'argument': truncation from 'double' to 'float'
D:\Documents\Game\SE102.K11-Game\MyGameProject\Game\PlayerDuckState.cpp(65,44): warning C4305: C:\Program Files (x86)\Microsoft DirectX SDK (June 2010)\Include\dinput.h: DIRECTINPUT_VERSION undefined. Defaulting to version 0x0800
D:\Documents\Game\SE102.K11-Game\MyGameProject\Game\PlayerDuckState.cpp(65,44): warning C4305: C:\Program Files (x86)\Microsoft DirectX SDK (June 2010)\Include\dinput.h: DIRECTINPUT_VERSION undefined. Defaulting to version 0x0800
D:\Documents\Game\SE102.K11-Game\MyGameProject\Game\PlayerFallState.cpp(47,35): warning C4305: 'argument': truncation from 'double' to 'float'
D:\Documents\Game\SE102.K11-Game\MyGameProject\Game\PlayerFallState.cpp(50,35): warning C4305: 'argument': truncation from 'double' to 'float'
  PlayerIdleAttackState.cpp
  PlayerIdleState.cpp
  PlayerIdleThrowState.cpp
  PlayerInjuredState.cpp
  Generating Code...
D:\Documents\Game\SE102.K11-Game\MyGameProject\Game\PlayerFallState.cpp(54,35): warning C4305: 'argument': truncation from 'double' to 'float'
D:\Documents\Game\SE102.K11-Game\MyGameProject\Game\PlayerFallState.cpp(54,35): warning C4305: C:\Program Files (x86)\Microsoft DirectX SDK (June 2010)\Include\dinput.h: DIRECTINPUT_VERSION undefined. Defaulting to version 0x0800
D:\Documents\Game\SE102.K11-Game\MyGameProject\Game\PlayerFallState.cpp(54,35): warning C4305: C:\Program Files (x86)\Microsoft DirectX SDK (June 2010)\Include\dinput.h: DIRECTINPUT_VERSION undefined. Defaulting to version 0x0800
D:\Documents\Game\SE102.K11-Game\MyGameProject\Game\PlayerFallState.cpp(54,35): warning C4305: C:\Program Files (x86)\Microsoft DirectX SDK (June 2010)\Include\dinput.h: DIRECTINPUT_VERSION undefined. Defaulting to version 0x0800
D:\Documents\Game\SE102.K11-Game\MyGameProject\Game\PlayerFallState.cpp(54,35): warning C4305: C:\Program Files (x86)\Microsoft DirectX SDK (June 2010)\Include\dinput.h: DIRECTINPUT_VERSION undefined. Defaulting to version 0x0800
  Compiling...
  PlayerJumpAttack.cpp
  PlayerJumpCrossState.cpp
D:\Documents\Game\SE102.K11-Game\MyGameProject\Game\Player.cpp(313): warning C4715: 'Player::GetState': not all control paths return a value
D:\Documents\Game\SE102.K11-Game\MyGameProject\Game\Player.cpp(313): warning C4715: C:\Program Files (x86)\Microsoft DirectX SDK (June 2010)\Include\dinput.h: DIRECTINPUT_VERSION undefined. Defaulting to version 0x0800
D:\Documents\Game\SE102.K11-Game\MyGameProject\Game\Player.cpp(313): warning C4715: C:\Program Files (x86)\Microsoft DirectX SDK (June 2010)\Include\dinput.h: DIRECTINPUT_VERSION undefined. Defaulting to version 0x0800
  PlayerJumpState.cpp
D:\Documents\Game\SE102.K11-Game\MyGameProject\Game\PlayerJumpCrossState.cpp(39,35): warning C4305: 'argument': truncation from 'double' to 'float'
D:\Documents\Game\SE102.K11-Game\MyGameProject\Game\PlayerJumpCrossState.cpp(39,35): warning C4305: C:\Program Files (x86)\Microsoft DirectX SDK (June 2010)\Include\dinput.h: DIRECTINPUT_VERSION undefined. Defaulting to version 0x0800
  PlayerJumpThrowState.cpp
  PlayerLookUpAttackState.cpp
  PLayerLookUpState.cpp
D:\Documents\Game\SE102.K11-Game\MyGameProject\Game\PlayerJumpState.cpp(29,18): warning C4553: '==': result of expression not used; did you intend '='?
D:\Documents\Game\SE102.K11-Game\MyGameProject\Game\PlayerJumpState.cpp(29,18): warning C4553: C:\Program Files (x86)\Microsoft DirectX SDK (June 2010)\Include\dinput.h: DIRECTINPUT_VERSION undefined. Defaulting to version 0x0800
D:\Documents\Game\SE102.K11-Game\MyGameProject\Game\PlayerJumpState.cpp(29,18): warning C4553: C:\Program Files (x86)\Microsoft DirectX SDK (June 2010)\Include\dinput.h: DIRECTINPUT_VERSION undefined. Defaulting to version 0x0800
D:\Documents\Game\SE102.K11-Game\MyGameProject\Game\PlayerJumpState.cpp(29,18): warning C4553: C:\Program Files (x86)\Microsoft DirectX SDK (June 2010)\Include\dinput.h: DIRECTINPUT_VERSION undefined. Defaulting to version 0x0800
D:\Documents\Game\SE102.K11-Game\MyGameProject\Game\PLayerLookUpState.cpp(57,43): warning C4305: 'argument': truncation from 'double' to 'float'
  PlayerPushState.cpp
  PlayerRunAttackState.cpp
D:\Documents\Game\SE102.K11-Game\MyGameProject\Game\PLayerLookUpState.cpp(61,44): warning C4305: 'argument': truncation from 'double' to 'float'
D:\Documents\Game\SE102.K11-Game\MyGameProject\Game\PLayerLookUpState.cpp(61,44): warning C4305: C:\Program Files (x86)\Microsoft DirectX SDK (June 2010)\Include\dinput.h: DIRECTINPUT_VERSION undefined. Defaulting to version 0x0800
D:\Documents\Game\SE102.K11-Game\MyGameProject\Game\PLayerLookUpState.cpp(61,44): warning C4305: C:\Program Files (x86)\Microsoft DirectX SDK (June 2010)\Include\dinput.h: DIRECTINPUT_VERSION undefined. Defaulting to version 0x0800
  PlayerRunState.cpp
  PlayerRunThrowState.cpp
  PlayerSlideState.cpp
  Scene.cpp
  Scene1.cpp
D:\Documents\Game\SE102.K11-Game\MyGameProject\Game\PlayerRunAttackState.cpp(9,85): warning C4305: 'argument': truncation from 'double' to 'float'
D:\Documents\Game\SE102.K11-Game\MyGameProject\Game\PlayerRunAttackState.cpp(9,85): warning C4305: C:\Program Files (x86)\Microsoft DirectX SDK (June 2010)\Include\dinput.h: DIRECTINPUT_VERSION undefined. Defaulting to version 0x0800
D:\Documents\Game\SE102.K11-Game\MyGameProject\Game\PlayerRunAttackState.cpp(9,85): warning C4305: C:\Program Files (x86)\Microsoft DirectX SDK (June 2010)\Include\dinput.h: DIRECTINPUT_VERSION undefined. Defaulting to version 0x0800
D:\Documents\Game\SE102.K11-Game\MyGameProject\Game\PlayerRunAttackState.cpp(9,85): warning C4305: C:\Program Files (x86)\Microsoft DirectX SDK (June 2010)\Include\dinput.h: DIRECTINPUT_VERSION undefined. Defaulting to version 0x0800
D:\Documents\Game\SE102.K11-Game\MyGameProject\Game\PlayerRunAttackState.cpp(9,85): warning C4305: C:\Program Files (x86)\Microsoft DirectX SDK (June 2010)\Include\dinput.h: DIRECTINPUT_VERSION undefined. Defaulting to version 0x0800
  SceneManager.cpp
D:\Documents\Game\SE102.K11-Game\MyGameProject\Game\Scene1.cpp(53,39): warning C4244: 'argument': conversion from 'int' to 'float', possible loss of data
D:\Documents\Game\SE102.K11-Game\MyGameProject\Game\Scene1.cpp(53,39): warning C4244: C:\Program Files (x86)\Microsoft DirectX SDK (June 2010)\Include\dinput.h: DIRECTINPUT_VERSION undefined. Defaulting to version 0x0800
  Skeleton.cpp
  Spike.cpp
  Sprites.cpp
D:\Documents\Game\SE102.K11-Game\MyGameProject\Game\SceneManager.cpp(40,16): warning C4244: '=': conversion from 'int' to 'float', possible loss of data
D:\Documents\Game\SE102.K11-Game\MyGameProject\Game\Sprites.cpp(8,21): warning C4244: '=': conversion from 'float' to 'int', possible loss of data
D:\Documents\Game\SE102.K11-Game\MyGameProject\Game\Sprites.cpp(9,23): warning C4244: '=': conversion from 'float' to 'int', possible loss of data
D:\Documents\Game\SE102.K11-Game\MyGameProject\Game\Sprites.cpp(18,40): warning C4244: 'argument': conversion from 'int' to 'float', possible loss of data
D:\Documents\Game\SE102.K11-Game\MyGameProject\Game\Sprites.cpp(18,33): warning C4244: 'argument': conversion from 'int' to 'float', possible loss of data
D:\Documents\Game\SE102.K11-Game\MyGameProject\Game\Sprites.cpp(54,22): warning C4244: '=': conversion from 'float' to 'int', possible loss of data
D:\Documents\Game\SE102.K11-Game\MyGameProject\Game\Sprites.cpp(64,24): warning C4244: '=': conversion from 'float' to 'int', possible loss of data
D:\Documents\Game\SE102.K11-Game\MyGameProject\Game\Sprites.cpp(72,21): warning C4244: '=': conversion from 'int' to 'float', possible loss of data
D:\Documents\Game\SE102.K11-Game\MyGameProject\Game\Sprites.cpp(74,22): warning C4244: '=': conversion from 'int' to 'float', possible loss of data
D:\Documents\Game\SE102.K11-Game\MyGameProject\Game\Sprites.cpp(37,10): warning C4101: 'result': unreferenced local variable
D:\Documents\Game\SE102.K11-Game\MyGameProject\Game\Sprites.cpp(161,14): warning C4244: '=': conversion from 'int' to 'float', possible loss of data
D:\Documents\Game\SE102.K11-Game\MyGameProject\Game\Sprites.cpp(162,14): warning C4244: '=': conversion from 'int' to 'float', possible loss of data
  PlayerState.cpp
  Stone.cpp
  Support.cpp
D:\Documents\Game\SE102.K11-Game\MyGameProject\Game\Sprites.cpp(175,4): warning C4244: 'argument': conversion from 'int' to 'FLOAT', possible loss of data
D:\Documents\Game\SE102.K11-Game\MyGameProject\Game\Sprites.cpp(175,4): warning C4244: C:\Program Files (x86)\Microsoft DirectX SDK (June 2010)\Include\dinput.h: DIRECTINPUT_VERSION undefined. Defaulting to version 0x0800
D:\Documents\Game\SE102.K11-Game\MyGameProject\Game\Sprites.cpp(175,4): warning C4244: C:\Program Files (x86)\Microsoft DirectX SDK (June 2010)\Include\dinput.h: DIRECTINPUT_VERSION undefined. Defaulting to version 0x0800
D:\Documents\Game\SE102.K11-Game\MyGameProject\Game\Support.cpp(6,13): warning C4244: '=': conversion from 'float' to 'LONG', possible loss of data
D:\Documents\Game\SE102.K11-Game\MyGameProject\Game\Support.cpp(7,14): warning C4244: '=': conversion from 'float' to 'LONG', possible loss of data
D:\Documents\Game\SE102.K11-Game\MyGameProject\Game\Support.cpp(8,16): warning C4244: '=': conversion from 'float' to 'LONG', possible loss of data
  Generating Code...
  Compiling...
  Surface.cpp
  Textures.cpp
  ThinGuard.cpp
  Unit.cpp
  Generating Code...
D:\Documents\Game\SE102.K11-Game\MyGameProject\Game\Support.cpp(9,15): warning C4244: '=': conversion from 'float' to 'LONG', possible loss of data
CollisionDetector.obj : error LNK2019: unresolved external symbol D3DXVec2Normalize referenced in function "public: static enum Entity::SideCollision __cdecl CollisionDetector::GetSideCollision4(class BoxCollider,struct Entity::CollisionReturn)" (?GetSideCollision4@CollisionDetector@@SA?AW4SideCollision@Entity@@VBoxCollider@@UCollisionReturn@3@@Z)
Graphic.obj : error LNK2019: unresolved external symbol Direct3DCreate9 referenced in function "public: void __cdecl Graphic::Init(struct HWND__ *)" (?Init@Graphic@@QEAAXPEAUHWND__@@@Z)
Graphic.obj : error LNK2019: unresolved external symbol D3DXCreateSprite referenced in function "public: void __cdecl Graphic::Init(struct HWND__ *)" (?Init@Graphic@@QEAAXPEAUHWND__@@@Z)
KeyBoard.obj : error LNK2019: unresolved external symbol DirectInput8Create referenced in function "public: long __cdecl KeyBoard::Init(struct HWND__ *)" (?Init@KeyBoard@@QEAAJPEAUHWND__@@@Z)
KeyBoard.obj : error LNK2001: unresolved external symbol c_dfDIMouse
KeyBoard.obj : error LNK2001: unresolved external symbol c_dfDIKeyboard
Sprites.obj : error LNK2019: unresolved external symbol D3DXVec3Transform referenced in function "public: void __cdecl Sprites::Draw(struct D3DXVECTOR3,class BoxCollider,struct D3DXCOLOR,bool)" (?Draw@Sprites@@QEAAXUD3DXVECTOR3@@VBoxCollider@@UD3DXCOLOR@@_N@Z)
Sprites.obj : error LNK2019: unresolved external symbol D3DXMatrixTransformation2D referenced in function "public: void __cdecl Sprites::Draw(struct D3DXVECTOR3,class BoxCollider,struct D3DXCOLOR,bool)" (?Draw@Sprites@@QEAAXUD3DXVECTOR3@@VBoxCollider@@UD3DXCOLOR@@_N@Z)
Sprites.obj : error LNK2019: unresolved external symbol D3DXGetImageInfoFromFileA referenced in function "protected: void __cdecl Sprites::InitWithSprite(char const *,class BoxCollider,int,int,unsigned long)" (?InitWithSprite@Sprites@@IEAAXPEBDVBoxCollider@@HHK@Z)
Textures.obj : error LNK2001: unresolved external symbol D3DXGetImageInfoFromFileA
Sprites.obj : error LNK2019: unresolved external symbol D3DXCreateTextureFromFileExA referenced in function "protected: void __cdecl Sprites::InitWithSprite(char const *,class BoxCollider,int,int,unsigned long)" (?InitWithSprite@Sprites@@IEAAXPEBDVBoxCollider@@HHK@Z)
Textures.obj : error LNK2001: unresolved external symbol D3DXCreateTextureFromFileExA
MSVCRTD.lib(exe_main.obj) : error LNK2019: unresolved external symbol main referenced in function "int __cdecl invoke_main(void)" (?invoke_main@@YAHXZ)
D:\Documents\Game\SE102.K11-Game\MyGameProject\x64\Debug\Game.exe : fatal error LNK1120: 11 unresolved externals
