  Animation.cpp
D:\Documents\Game\SE102.K11-Game\MyGameProject\Game\GameConfig.h(55,1): warning C4005: 'TEX_APPLE_WEAPON': macro redefinition
D:\Documents\Game\SE102.K11-Game\MyGameProject\Game\GameConfig.h(53): message : see previous definition of 'TEX_APPLE_WEAPON'
  Apple.cpp
D:\Documents\Game\SE102.K11-Game\MyGameProject\Game\GameConfig.h(55,1): warning C4005: 'TEX_APPLE_WEAPON': macro redefinition
D:\Documents\Game\SE102.K11-Game\MyGameProject\Game\GameConfig.h(53): message : see previous definition of 'TEX_APPLE_WEAPON'
  C:\Program Files (x86)\Microsoft DirectX SDK (June 2010)\Include\dinput.h: DIRECTINPUT_VERSION undefined. Defaulting to version 0x0800
D:\Documents\Game\SE102.K11-Game\MyGameProject\Game\Apple.cpp(25,43): warning C4244: 'argument': conversion from 'int' to 'float', possible loss of data
D:\Documents\Game\SE102.K11-Game\MyGameProject\Game\Apple.cpp(25,36): warning C4244: 'argument': conversion from 'int' to 'float', possible loss of data
D:\Documents\Game\SE102.K11-Game\MyGameProject\Game\Apple.cpp(25,30): warning C4244: 'argument': conversion from 'int' to 'float', possible loss of data
D:\Documents\Game\SE102.K11-Game\MyGameProject\Game\Apple.cpp(25,25): warning C4244: 'argument': conversion from 'int' to 'float', possible loss of data
  AppleWeapon.cpp
D:\Documents\Game\SE102.K11-Game\MyGameProject\Game\GameConfig.h(55,1): warning C4005: 'TEX_APPLE_WEAPON': macro redefinition
D:\Documents\Game\SE102.K11-Game\MyGameProject\Game\GameConfig.h(53): message : see previous definition of 'TEX_APPLE_WEAPON'
  C:\Program Files (x86)\Microsoft DirectX SDK (June 2010)\Include\dinput.h: DIRECTINPUT_VERSION undefined. Defaulting to version 0x0800
D:\Documents\Game\SE102.K11-Game\MyGameProject\Game\AppleWeapon.cpp(37,46): warning C4244: 'argument': conversion from 'int' to 'float', possible loss of data
  AppleWeaponExplosion.cpp
D:\Documents\Game\SE102.K11-Game\MyGameProject\Game\GameConfig.h(55,1): warning C4005: 'TEX_APPLE_WEAPON': macro redefinition
D:\Documents\Game\SE102.K11-Game\MyGameProject\Game\GameConfig.h(53): message : see previous definition of 'TEX_APPLE_WEAPON'
  Ball.cpp
D:\Documents\Game\SE102.K11-Game\MyGameProject\Game\GameConfig.h(55,1): warning C4005: 'TEX_APPLE_WEAPON': macro redefinition
D:\Documents\Game\SE102.K11-Game\MyGameProject\Game\GameConfig.h(53): message : see previous definition of 'TEX_APPLE_WEAPON'
  Bat.cpp
D:\Documents\Game\SE102.K11-Game\MyGameProject\Game\GameConfig.h(55,1): warning C4005: 'TEX_APPLE_WEAPON': macro redefinition
D:\Documents\Game\SE102.K11-Game\MyGameProject\Game\GameConfig.h(53): message : see previous definition of 'TEX_APPLE_WEAPON'
  C:\Program Files (x86)\Microsoft DirectX SDK (June 2010)\Include\dinput.h: DIRECTINPUT_VERSION undefined. Defaulting to version 0x0800
  BatFollowPlayerState.cpp
D:\Documents\Game\SE102.K11-Game\MyGameProject\Game\GameConfig.h(55,1): warning C4005: 'TEX_APPLE_WEAPON': macro redefinition
D:\Documents\Game\SE102.K11-Game\MyGameProject\Game\GameConfig.h(53): message : see previous definition of 'TEX_APPLE_WEAPON'
  C:\Program Files (x86)\Microsoft DirectX SDK (June 2010)\Include\dinput.h: DIRECTINPUT_VERSION undefined. Defaulting to version 0x0800
D:\Documents\Game\SE102.K11-Game\MyGameProject\Game\BatFollowPlayerState.cpp(28,55): warning C4244: 'argument': conversion from 'int' to 'FLOAT', possible loss of data
D:\Documents\Game\SE102.K11-Game\MyGameProject\Game\BatFollowPlayerState.cpp(31,55): warning C4244: 'argument': conversion from 'int' to 'FLOAT', possible loss of data
D:\Documents\Game\SE102.K11-Game\MyGameProject\Game\BatFollowPlayerState.cpp(34,55): warning C4244: 'argument': conversion from 'int' to 'FLOAT', possible loss of data
D:\Documents\Game\SE102.K11-Game\MyGameProject\Game\BatFollowPlayerState.cpp(37,55): warning C4244: 'argument': conversion from 'int' to 'FLOAT', possible loss of data
D:\Documents\Game\SE102.K11-Game\MyGameProject\Game\BatFollowPlayerState.cpp(40,56): warning C4244: 'argument': conversion from 'int' to 'FLOAT', possible loss of data
D:\Documents\Game\SE102.K11-Game\MyGameProject\Game\BatFollowPlayerState.cpp(43,56): warning C4244: 'argument': conversion from 'int' to 'FLOAT', possible loss of data
D:\Documents\Game\SE102.K11-Game\MyGameProject\Game\BatFollowPlayerState.cpp(46,56): warning C4244: 'argument': conversion from 'int' to 'FLOAT', possible loss of data
D:\Documents\Game\SE102.K11-Game\MyGameProject\Game\BatFollowPlayerState.cpp(49,57): warning C4244: 'argument': conversion from 'int' to 'FLOAT', possible loss of data
D:\Documents\Game\SE102.K11-Game\MyGameProject\Game\BatFollowPlayerState.cpp(52,57): warning C4244: 'argument': conversion from 'int' to 'FLOAT', possible loss of data
D:\Documents\Game\SE102.K11-Game\MyGameProject\Game\BatFollowPlayerState.cpp(55,56): warning C4244: 'argument': conversion from 'int' to 'FLOAT', possible loss of data
D:\Documents\Game\SE102.K11-Game\MyGameProject\Game\BatFollowPlayerState.cpp(58,56): warning C4244: 'argument': conversion from 'int' to 'FLOAT', possible loss of data
  BatIdleState.cpp
D:\Documents\Game\SE102.K11-Game\MyGameProject\Game\GameConfig.h(55,1): warning C4005: 'TEX_APPLE_WEAPON': macro redefinition
D:\Documents\Game\SE102.K11-Game\MyGameProject\Game\GameConfig.h(53): message : see previous definition of 'TEX_APPLE_WEAPON'
  C:\Program Files (x86)\Microsoft DirectX SDK (June 2010)\Include\dinput.h: DIRECTINPUT_VERSION undefined. Defaulting to version 0x0800
  BatRotateState.cpp
D:\Documents\Game\SE102.K11-Game\MyGameProject\Game\GameConfig.h(55,1): warning C4005: 'TEX_APPLE_WEAPON': macro redefinition
D:\Documents\Game\SE102.K11-Game\MyGameProject\Game\GameConfig.h(53): message : see previous definition of 'TEX_APPLE_WEAPON'
  C:\Program Files (x86)\Microsoft DirectX SDK (June 2010)\Include\dinput.h: DIRECTINPUT_VERSION undefined. Defaulting to version 0x0800
  BigItemExplosion.cpp
D:\Documents\Game\SE102.K11-Game\MyGameProject\Game\GameConfig.h(55,1): warning C4005: 'TEX_APPLE_WEAPON': macro redefinition
D:\Documents\Game\SE102.K11-Game\MyGameProject\Game\GameConfig.h(53): message : see previous definition of 'TEX_APPLE_WEAPON'
  BlueHeart.cpp
D:\Documents\Game\SE102.K11-Game\MyGameProject\Game\GameConfig.h(55,1): warning C4005: 'TEX_APPLE_WEAPON': macro redefinition
D:\Documents\Game\SE102.K11-Game\MyGameProject\Game\GameConfig.h(53): message : see previous definition of 'TEX_APPLE_WEAPON'
  C:\Program Files (x86)\Microsoft DirectX SDK (June 2010)\Include\dinput.h: DIRECTINPUT_VERSION undefined. Defaulting to version 0x0800
  BlueVase.cpp
D:\Documents\Game\SE102.K11-Game\MyGameProject\Game\GameConfig.h(55,1): warning C4005: 'TEX_APPLE_WEAPON': macro redefinition
D:\Documents\Game\SE102.K11-Game\MyGameProject\Game\GameConfig.h(53): message : see previous definition of 'TEX_APPLE_WEAPON'
  C:\Program Files (x86)\Microsoft DirectX SDK (June 2010)\Include\dinput.h: DIRECTINPUT_VERSION undefined. Defaulting to version 0x0800
  Camera.cpp
D:\Documents\Game\SE102.K11-Game\MyGameProject\Game\GameConfig.h(55,1): warning C4005: 'TEX_APPLE_WEAPON': macro redefinition
D:\Documents\Game\SE102.K11-Game\MyGameProject\Game\GameConfig.h(53): message : see previous definition of 'TEX_APPLE_WEAPON'
  C:\Program Files (x86)\Microsoft DirectX SDK (June 2010)\Include\dinput.h: DIRECTINPUT_VERSION undefined. Defaulting to version 0x0800
D:\Documents\Game\SE102.K11-Game\MyGameProject\Game\Camera.cpp(14,16): warning C4244: '=': conversion from 'int' to 'float', possible loss of data
D:\Documents\Game\SE102.K11-Game\MyGameProject\Game\Camera.cpp(15,17): warning C4244: '=': conversion from 'int' to 'float', possible loss of data
D:\Documents\Game\SE102.K11-Game\MyGameProject\Game\Camera.cpp(38,9): warning C4244: 'return': conversion from 'float' to 'int', possible loss of data
D:\Documents\Game\SE102.K11-Game\MyGameProject\Game\Camera.cpp(43,9): warning C4244: 'return': conversion from 'float' to 'int', possible loss of data
D:\Documents\Game\SE102.K11-Game\MyGameProject\Game\Camera.cpp(163,90): warning C4244: '=': conversion from 'int' to 'float', possible loss of data
  ChainedPillar.cpp
D:\Documents\Game\SE102.K11-Game\MyGameProject\Game\GameConfig.h(55,1): warning C4005: 'TEX_APPLE_WEAPON': macro redefinition
D:\Documents\Game\SE102.K11-Game\MyGameProject\Game\GameConfig.h(53): message : see previous definition of 'TEX_APPLE_WEAPON'
  C:\Program Files (x86)\Microsoft DirectX SDK (June 2010)\Include\dinput.h: DIRECTINPUT_VERSION undefined. Defaulting to version 0x0800
  CollisionDetector.cpp
D:\Documents\Game\SE102.K11-Game\MyGameProject\Game\GameConfig.h(55,1): warning C4005: 'TEX_APPLE_WEAPON': macro redefinition
D:\Documents\Game\SE102.K11-Game\MyGameProject\Game\GameConfig.h(53): message : see previous definition of 'TEX_APPLE_WEAPON'
D:\Documents\Game\SE102.K11-Game\MyGameProject\Game\CollisionDetector.cpp(68,43): warning C4244: 'argument': conversion from 'double' to 'FLOAT', possible loss of data
D:\Documents\Game\SE102.K11-Game\MyGameProject\Game\CollisionDetector.cpp(70,35): warning C4244: 'argument': conversion from 'double' to 'FLOAT', possible loss of data
D:\Documents\Game\SE102.K11-Game\MyGameProject\Game\CollisionDetector.cpp(159,23): warning C4244: 'argument': conversion from 'double' to 'FLOAT', possible loss of data
D:\Documents\Game\SE102.K11-Game\MyGameProject\Game\CollisionDetector.cpp(160,24): warning C4244: 'argument': conversion from 'double' to 'FLOAT', possible loss of data
  ContinueScene.cpp
D:\Documents\Game\SE102.K11-Game\MyGameProject\Game\GameConfig.h(55,1): warning C4005: 'TEX_APPLE_WEAPON': macro redefinition
D:\Documents\Game\SE102.K11-Game\MyGameProject\Game\GameConfig.h(53): message : see previous definition of 'TEX_APPLE_WEAPON'
  C:\Program Files (x86)\Microsoft DirectX SDK (June 2010)\Include\dinput.h: DIRECTINPUT_VERSION undefined. Defaulting to version 0x0800
  Data.cpp
D:\Documents\Game\SE102.K11-Game\MyGameProject\Game\GameConfig.h(55,1): warning C4005: 'TEX_APPLE_WEAPON': macro redefinition
D:\Documents\Game\SE102.K11-Game\MyGameProject\Game\GameConfig.h(53): message : see previous definition of 'TEX_APPLE_WEAPON'
  C:\Program Files (x86)\Microsoft DirectX SDK (June 2010)\Include\dinput.h: DIRECTINPUT_VERSION undefined. Defaulting to version 0x0800
  Debug.cpp
  dsutil.cpp
  dxutil.cpp
  Generating Code...
D:\Documents\Game\SE102.K11-Game\MyGameProject\Game\dsutil.cpp(691): warning C4715: 'CSound::GetFreeBuffer': not all control paths return a value
  Compiling...
  Effect.cpp
D:\Documents\Game\SE102.K11-Game\MyGameProject\Game\GameConfig.h(55,1): warning C4005: 'TEX_APPLE_WEAPON': macro redefinition
D:\Documents\Game\SE102.K11-Game\MyGameProject\Game\GameConfig.h(53): message : see previous definition of 'TEX_APPLE_WEAPON'
  Enemy.cpp
D:\Documents\Game\SE102.K11-Game\MyGameProject\Game\GameConfig.h(55,1): warning C4005: 'TEX_APPLE_WEAPON': macro redefinition
D:\Documents\Game\SE102.K11-Game\MyGameProject\Game\GameConfig.h(53): message : see previous definition of 'TEX_APPLE_WEAPON'
  C:\Program Files (x86)\Microsoft DirectX SDK (June 2010)\Include\dinput.h: DIRECTINPUT_VERSION undefined. Defaulting to version 0x0800
D:\Documents\Game\SE102.K11-Game\MyGameProject\Game\Enemy.cpp(41,50): warning C4244: 'argument': conversion from 'float' to 'int', possible loss of data
D:\Documents\Game\SE102.K11-Game\MyGameProject\Game\Enemy.cpp(42,51): warning C4244: 'argument': conversion from 'float' to 'int', possible loss of data
D:\Documents\Game\SE102.K11-Game\MyGameProject\Game\Enemy.cpp(43,20): warning C4244: 'argument': conversion from 'float' to 'int', possible loss of data
D:\Documents\Game\SE102.K11-Game\MyGameProject\Game\Enemy.cpp(44,19): warning C4244: 'argument': conversion from 'float' to 'int', possible loss of data
D:\Documents\Game\SE102.K11-Game\MyGameProject\Game\Enemy.cpp(154,24): warning C4101: 'side1': unreferenced local variable
  EnemyData.cpp
  EnemyExplosion.cpp
D:\Documents\Game\SE102.K11-Game\MyGameProject\Game\GameConfig.h(55,1): warning C4005: 'TEX_APPLE_WEAPON': macro redefinition
D:\Documents\Game\SE102.K11-Game\MyGameProject\Game\GameConfig.h(53): message : see previous definition of 'TEX_APPLE_WEAPON'
  EnemyState.cpp
D:\Documents\Game\SE102.K11-Game\MyGameProject\Game\GameConfig.h(55,1): warning C4005: 'TEX_APPLE_WEAPON': macro redefinition
D:\Documents\Game\SE102.K11-Game\MyGameProject\Game\GameConfig.h(53): message : see previous definition of 'TEX_APPLE_WEAPON'
  C:\Program Files (x86)\Microsoft DirectX SDK (June 2010)\Include\dinput.h: DIRECTINPUT_VERSION undefined. Defaulting to version 0x0800
  Entity.cpp
D:\Documents\Game\SE102.K11-Game\MyGameProject\Game\GameConfig.h(55,1): warning C4005: 'TEX_APPLE_WEAPON': macro redefinition
D:\Documents\Game\SE102.K11-Game\MyGameProject\Game\GameConfig.h(53): message : see previous definition of 'TEX_APPLE_WEAPON'
D:\Documents\Game\SE102.K11-Game\MyGameProject\Game\Entity.cpp(174,16): warning C4244: '=': conversion from 'int' to 'float', possible loss of data
D:\Documents\Game\SE102.K11-Game\MyGameProject\Game\Entity.cpp(183,17): warning C4244: '=': conversion from 'int' to 'float', possible loss of data
D:\Documents\Game\SE102.K11-Game\MyGameProject\Game\Entity.cpp(206,17): warning C4244: '=': conversion from 'int' to 'float', possible loss of data
D:\Documents\Game\SE102.K11-Game\MyGameProject\Game\Entity.cpp(211,18): warning C4244: '=': conversion from 'int' to 'float', possible loss of data
D:\Documents\Game\SE102.K11-Game\MyGameProject\Game\Entity.cpp(216,20): warning C4244: '=': conversion from 'int' to 'float', possible loss of data
D:\Documents\Game\SE102.K11-Game\MyGameProject\Game\Entity.cpp(221,19): warning C4244: '=': conversion from 'int' to 'float', possible loss of data
  ExitPort.cpp
D:\Documents\Game\SE102.K11-Game\MyGameProject\Game\GameConfig.h(55,1): warning C4005: 'TEX_APPLE_WEAPON': macro redefinition
D:\Documents\Game\SE102.K11-Game\MyGameProject\Game\GameConfig.h(53): message : see previous definition of 'TEX_APPLE_WEAPON'
  FatGuard.cpp
D:\Documents\Game\SE102.K11-Game\MyGameProject\Game\GameConfig.h(55,1): warning C4005: 'TEX_APPLE_WEAPON': macro redefinition
D:\Documents\Game\SE102.K11-Game\MyGameProject\Game\GameConfig.h(53): message : see previous definition of 'TEX_APPLE_WEAPON'
  C:\Program Files (x86)\Microsoft DirectX SDK (June 2010)\Include\dinput.h: DIRECTINPUT_VERSION undefined. Defaulting to version 0x0800
  FatGuardAttackState.cpp
D:\Documents\Game\SE102.K11-Game\MyGameProject\Game\GameConfig.h(55,1): warning C4005: 'TEX_APPLE_WEAPON': macro redefinition
D:\Documents\Game\SE102.K11-Game\MyGameProject\Game\GameConfig.h(53): message : see previous definition of 'TEX_APPLE_WEAPON'
  C:\Program Files (x86)\Microsoft DirectX SDK (June 2010)\Include\dinput.h: DIRECTINPUT_VERSION undefined. Defaulting to version 0x0800
  FatGuardFollowPlayerState.cpp
D:\Documents\Game\SE102.K11-Game\MyGameProject\Game\GameConfig.h(55,1): warning C4005: 'TEX_APPLE_WEAPON': macro redefinition
D:\Documents\Game\SE102.K11-Game\MyGameProject\Game\GameConfig.h(53): message : see previous definition of 'TEX_APPLE_WEAPON'
  C:\Program Files (x86)\Microsoft DirectX SDK (June 2010)\Include\dinput.h: DIRECTINPUT_VERSION undefined. Defaulting to version 0x0800
D:\Documents\Game\SE102.K11-Game\MyGameProject\Game\FatGuardFollowPlayerState.cpp(6,130): warning C4305: 'argument': truncation from 'double' to 'float'
  FatGuardIdleState.cpp
D:\Documents\Game\SE102.K11-Game\MyGameProject\Game\GameConfig.h(55,1): warning C4005: 'TEX_APPLE_WEAPON': macro redefinition
D:\Documents\Game\SE102.K11-Game\MyGameProject\Game\GameConfig.h(53): message : see previous definition of 'TEX_APPLE_WEAPON'
  C:\Program Files (x86)\Microsoft DirectX SDK (June 2010)\Include\dinput.h: DIRECTINPUT_VERSION undefined. Defaulting to version 0x0800
  FatGuardInjuredState.cpp
D:\Documents\Game\SE102.K11-Game\MyGameProject\Game\GameConfig.h(55,1): warning C4005: 'TEX_APPLE_WEAPON': macro redefinition
D:\Documents\Game\SE102.K11-Game\MyGameProject\Game\GameConfig.h(53): message : see previous definition of 'TEX_APPLE_WEAPON'
  C:\Program Files (x86)\Microsoft DirectX SDK (June 2010)\Include\dinput.h: DIRECTINPUT_VERSION undefined. Defaulting to version 0x0800
  FatGuardProvokeState.cpp
D:\Documents\Game\SE102.K11-Game\MyGameProject\Game\GameConfig.h(55,1): warning C4005: 'TEX_APPLE_WEAPON': macro redefinition
D:\Documents\Game\SE102.K11-Game\MyGameProject\Game\GameConfig.h(53): message : see previous definition of 'TEX_APPLE_WEAPON'
  C:\Program Files (x86)\Microsoft DirectX SDK (June 2010)\Include\dinput.h: DIRECTINPUT_VERSION undefined. Defaulting to version 0x0800
  Fire.cpp
D:\Documents\Game\SE102.K11-Game\MyGameProject\Game\GameConfig.h(55,1): warning C4005: 'TEX_APPLE_WEAPON': macro redefinition
D:\Documents\Game\SE102.K11-Game\MyGameProject\Game\GameConfig.h(53): message : see previous definition of 'TEX_APPLE_WEAPON'
  C:\Program Files (x86)\Microsoft DirectX SDK (June 2010)\Include\dinput.h: DIRECTINPUT_VERSION undefined. Defaulting to version 0x0800
  GameManager.cpp
D:\Documents\Game\SE102.K11-Game\MyGameProject\Game\GameConfig.h(55,1): warning C4005: 'TEX_APPLE_WEAPON': macro redefinition
D:\Documents\Game\SE102.K11-Game\MyGameProject\Game\GameConfig.h(53): message : see previous definition of 'TEX_APPLE_WEAPON'
  C:\Program Files (x86)\Microsoft DirectX SDK (June 2010)\Include\dinput.h: DIRECTINPUT_VERSION undefined. Defaulting to version 0x0800
D:\Documents\Game\SE102.K11-Game\MyGameProject\Game\GameManager.cpp(16,12): warning C4244: 'argument': conversion from 'time_t' to 'unsigned int', possible loss of data
  GameMap.cpp
D:\Documents\Game\SE102.K11-Game\MyGameProject\Game\GameConfig.h(55,1): warning C4005: 'TEX_APPLE_WEAPON': macro redefinition
D:\Documents\Game\SE102.K11-Game\MyGameProject\Game\GameConfig.h(53): message : see previous definition of 'TEX_APPLE_WEAPON'
  C:\Program Files (x86)\Microsoft DirectX SDK (June 2010)\Include\dinput.h: DIRECTINPUT_VERSION undefined. Defaulting to version 0x0800
D:\Documents\Game\SE102.K11-Game\MyGameProject\Game\GameMap.cpp(126,14): warning C4244: '=': conversion from 'int' to 'float', possible loss of data
D:\Documents\Game\SE102.K11-Game\MyGameProject\Game\GameMap.cpp(127,15): warning C4244: '=': conversion from 'int' to 'float', possible loss of data
D:\Documents\Game\SE102.K11-Game\MyGameProject\Game\GameMap.cpp(171,61): warning C4244: 'argument': conversion from 'int' to 'float', possible loss of data
D:\Documents\Game\SE102.K11-Game\MyGameProject\Game\GameMap.cpp(171,46): warning C4244: 'argument': conversion from 'int' to 'float', possible loss of data
D:\Documents\Game\SE102.K11-Game\MyGameProject\Game\GameMap.cpp(203,42): warning C4244: 'argument': conversion from 'int' to 'float', possible loss of data
D:\Documents\Game\SE102.K11-Game\MyGameProject\Game\GameMap.cpp(203,26): warning C4244: 'argument': conversion from 'int' to 'float', possible loss of data
D:\Documents\Game\SE102.K11-Game\MyGameProject\Game\GameMap.cpp(211,13): warning C4244: '=': conversion from 'int' to 'float', possible loss of data
D:\Documents\Game\SE102.K11-Game\MyGameProject\Game\GameMap.cpp(212,14): warning C4244: '=': conversion from 'int' to 'float', possible loss of data
D:\Documents\Game\SE102.K11-Game\MyGameProject\Game\GameMap.cpp(213,21): warning C4244: '=': conversion from 'int' to 'float', possible loss of data
D:\Documents\Game\SE102.K11-Game\MyGameProject\Game\GameMap.cpp(214,20): warning C4244: '=': conversion from 'int' to 'float', possible loss of data
D:\Documents\Game\SE102.K11-Game\MyGameProject\Game\GameMap.cpp(388,34): warning C4244: '=': conversion from 'int' to 'float', possible loss of data
D:\Documents\Game\SE102.K11-Game\MyGameProject\Game\GameMap.cpp(390,26): warning C4244: '=': conversion from 'int' to 'float', possible loss of data
D:\Documents\Game\SE102.K11-Game\MyGameProject\Game\GameMap.cpp(396,85): warning C4244: 'argument': conversion from 'int' to 'FLOAT', possible loss of data
D:\Documents\Game\SE102.K11-Game\MyGameProject\Game\GameMap.cpp(396,40): warning C4244: 'argument': conversion from 'int' to 'FLOAT', possible loss of data
  GameTime.cpp
  Gem.cpp
D:\Documents\Game\SE102.K11-Game\MyGameProject\Game\GameConfig.h(55,1): warning C4005: 'TEX_APPLE_WEAPON': macro redefinition
D:\Documents\Game\SE102.K11-Game\MyGameProject\Game\GameConfig.h(53): message : see previous definition of 'TEX_APPLE_WEAPON'
  C:\Program Files (x86)\Microsoft DirectX SDK (June 2010)\Include\dinput.h: DIRECTINPUT_VERSION undefined. Defaulting to version 0x0800
  GenieToken.cpp
D:\Documents\Game\SE102.K11-Game\MyGameProject\Game\GameConfig.h(55,1): warning C4005: 'TEX_APPLE_WEAPON': macro redefinition
D:\Documents\Game\SE102.K11-Game\MyGameProject\Game\GameConfig.h(53): message : see previous definition of 'TEX_APPLE_WEAPON'
  C:\Program Files (x86)\Microsoft DirectX SDK (June 2010)\Include\dinput.h: DIRECTINPUT_VERSION undefined. Defaulting to version 0x0800
  Graphic.cpp
D:\Documents\Game\SE102.K11-Game\MyGameProject\Game\GameConfig.h(55,1): warning C4005: 'TEX_APPLE_WEAPON': macro redefinition
D:\Documents\Game\SE102.K11-Game\MyGameProject\Game\GameConfig.h(53): message : see previous definition of 'TEX_APPLE_WEAPON'
  Generating Code...
  Compiling...
  Grid.cpp
D:\Documents\Game\SE102.K11-Game\MyGameProject\Game\GameConfig.h(55,1): warning C4005: 'TEX_APPLE_WEAPON': macro redefinition
D:\Documents\Game\SE102.K11-Game\MyGameProject\Game\GameConfig.h(53): message : see previous definition of 'TEX_APPLE_WEAPON'
  C:\Program Files (x86)\Microsoft DirectX SDK (June 2010)\Include\dinput.h: DIRECTINPUT_VERSION undefined. Defaulting to version 0x0800
D:\Documents\Game\SE102.K11-Game\MyGameProject\Game\Grid.cpp(159,61): warning C4244: 'argument': conversion from 'int' to 'float', possible loss of data
D:\Documents\Game\SE102.K11-Game\MyGameProject\Game\Grid.cpp(160,63): warning C4244: 'argument': conversion from 'int' to 'float', possible loss of data
D:\Documents\Game\SE102.K11-Game\MyGameProject\Game\Grid.cpp(161,60): warning C4244: 'argument': conversion from 'int' to 'float', possible loss of data
D:\Documents\Game\SE102.K11-Game\MyGameProject\Game\Grid.cpp(162,66): warning C4244: 'argument': conversion from 'int' to 'float', possible loss of data
D:\Documents\Game\SE102.K11-Game\MyGameProject\Game\Grid.cpp(566,29): warning C4244: 'argument': conversion from 'double' to 'float', possible loss of data
D:\Documents\Game\SE102.K11-Game\MyGameProject\Game\Grid.cpp(594,61): warning C4244: 'argument': conversion from 'int' to 'float', possible loss of data
D:\Documents\Game\SE102.K11-Game\MyGameProject\Game\Grid.cpp(595,63): warning C4244: 'argument': conversion from 'int' to 'float', possible loss of data
D:\Documents\Game\SE102.K11-Game\MyGameProject\Game\Grid.cpp(596,60): warning C4244: 'argument': conversion from 'int' to 'float', possible loss of data
D:\Documents\Game\SE102.K11-Game\MyGameProject\Game\Grid.cpp(597,66): warning C4244: 'argument': conversion from 'int' to 'float', possible loss of data
  IntroScene.cpp
D:\Documents\Game\SE102.K11-Game\MyGameProject\Game\GameConfig.h(55,1): warning C4005: 'TEX_APPLE_WEAPON': macro redefinition
D:\Documents\Game\SE102.K11-Game\MyGameProject\Game\GameConfig.h(53): message : see previous definition of 'TEX_APPLE_WEAPON'
  C:\Program Files (x86)\Microsoft DirectX SDK (June 2010)\Include\dinput.h: DIRECTINPUT_VERSION undefined. Defaulting to version 0x0800
  Item.cpp
D:\Documents\Game\SE102.K11-Game\MyGameProject\Game\GameConfig.h(55,1): warning C4005: 'TEX_APPLE_WEAPON': macro redefinition
D:\Documents\Game\SE102.K11-Game\MyGameProject\Game\GameConfig.h(53): message : see previous definition of 'TEX_APPLE_WEAPON'
  C:\Program Files (x86)\Microsoft DirectX SDK (June 2010)\Include\dinput.h: DIRECTINPUT_VERSION undefined. Defaulting to version 0x0800
  Jafar'sPalace.cpp
D:\Documents\Game\SE102.K11-Game\MyGameProject\Game\GameConfig.h(55,1): warning C4005: 'TEX_APPLE_WEAPON': macro redefinition
D:\Documents\Game\SE102.K11-Game\MyGameProject\Game\GameConfig.h(53): message : see previous definition of 'TEX_APPLE_WEAPON'
  C:\Program Files (x86)\Microsoft DirectX SDK (June 2010)\Include\dinput.h: DIRECTINPUT_VERSION undefined. Defaulting to version 0x0800
D:\Documents\Game\SE102.K11-Game\MyGameProject\Game\Jafar'sPalace.cpp(54,12): warning C4244: 'argument': conversion from 'time_t' to 'unsigned int', possible loss of data
D:\Documents\Game\SE102.K11-Game\MyGameProject\Game\Jafar'sPalace.cpp(77,39): warning C4244: 'argument': conversion from 'int' to 'float', possible loss of data
  Jafar.cpp
D:\Documents\Game\SE102.K11-Game\MyGameProject\Game\GameConfig.h(55,1): warning C4005: 'TEX_APPLE_WEAPON': macro redefinition
D:\Documents\Game\SE102.K11-Game\MyGameProject\Game\GameConfig.h(53): message : see previous definition of 'TEX_APPLE_WEAPON'
  C:\Program Files (x86)\Microsoft DirectX SDK (June 2010)\Include\dinput.h: DIRECTINPUT_VERSION undefined. Defaulting to version 0x0800
D:\Documents\Game\SE102.K11-Game\MyGameProject\Game\Jafar.cpp(60,24): warning C4101: 'side1': unreferenced local variable
  JafarAttackState.cpp
D:\Documents\Game\SE102.K11-Game\MyGameProject\Game\GameConfig.h(55,1): warning C4005: 'TEX_APPLE_WEAPON': macro redefinition
D:\Documents\Game\SE102.K11-Game\MyGameProject\Game\GameConfig.h(53): message : see previous definition of 'TEX_APPLE_WEAPON'
  C:\Program Files (x86)\Microsoft DirectX SDK (June 2010)\Include\dinput.h: DIRECTINPUT_VERSION undefined. Defaulting to version 0x0800
  JafarExplosion.cpp
D:\Documents\Game\SE102.K11-Game\MyGameProject\Game\GameConfig.h(55,1): warning C4005: 'TEX_APPLE_WEAPON': macro redefinition
D:\Documents\Game\SE102.K11-Game\MyGameProject\Game\GameConfig.h(53): message : see previous definition of 'TEX_APPLE_WEAPON'
  JafarIdleState.cpp
D:\Documents\Game\SE102.K11-Game\MyGameProject\Game\GameConfig.h(55,1): warning C4005: 'TEX_APPLE_WEAPON': macro redefinition
D:\Documents\Game\SE102.K11-Game\MyGameProject\Game\GameConfig.h(53): message : see previous definition of 'TEX_APPLE_WEAPON'
  C:\Program Files (x86)\Microsoft DirectX SDK (June 2010)\Include\dinput.h: DIRECTINPUT_VERSION undefined. Defaulting to version 0x0800
  JafarWeapon.cpp
D:\Documents\Game\SE102.K11-Game\MyGameProject\Game\GameConfig.h(55,1): warning C4005: 'TEX_APPLE_WEAPON': macro redefinition
D:\Documents\Game\SE102.K11-Game\MyGameProject\Game\GameConfig.h(53): message : see previous definition of 'TEX_APPLE_WEAPON'
  C:\Program Files (x86)\Microsoft DirectX SDK (June 2010)\Include\dinput.h: DIRECTINPUT_VERSION undefined. Defaulting to version 0x0800
D:\Documents\Game\SE102.K11-Game\MyGameProject\Game\JafarWeapon.cpp(39,13): warning C4244: 'initializing': conversion from 'float' to 'int', possible loss of data
D:\Documents\Game\SE102.K11-Game\MyGameProject\Game\JafarWeapon.cpp(40,9): warning C4244: 'argument': conversion from 'int' to 'float', possible loss of data
  KeyBoard.cpp
  C:\Program Files (x86)\Microsoft DirectX SDK (June 2010)\Include\dinput.h: DIRECTINPUT_VERSION undefined. Defaulting to version 0x0800
  LevelComplete.cpp
D:\Documents\Game\SE102.K11-Game\MyGameProject\Game\GameConfig.h(55,1): warning C4005: 'TEX_APPLE_WEAPON': macro redefinition
D:\Documents\Game\SE102.K11-Game\MyGameProject\Game\GameConfig.h(53): message : see previous definition of 'TEX_APPLE_WEAPON'
  C:\Program Files (x86)\Microsoft DirectX SDK (June 2010)\Include\dinput.h: DIRECTINPUT_VERSION undefined. Defaulting to version 0x0800
D:\Documents\Game\SE102.K11-Game\MyGameProject\Game\LevelComplete.cpp(34,126): warning C4244: 'argument': conversion from 'int' to 'FLOAT', possible loss of data
D:\Documents\Game\SE102.K11-Game\MyGameProject\Game\LevelComplete.cpp(34,72): warning C4244: 'argument': conversion from 'int' to 'FLOAT', possible loss of data
D:\Documents\Game\SE102.K11-Game\MyGameProject\Game\LevelComplete.cpp(35,54): warning C4244: 'argument': conversion from 'int' to 'FLOAT', possible loss of data
  Main.cpp
D:\Documents\Game\SE102.K11-Game\MyGameProject\Game\GameConfig.h(55,1): warning C4005: 'TEX_APPLE_WEAPON': macro redefinition
D:\Documents\Game\SE102.K11-Game\MyGameProject\Game\GameConfig.h(53): message : see previous definition of 'TEX_APPLE_WEAPON'
  C:\Program Files (x86)\Microsoft DirectX SDK (June 2010)\Include\dinput.h: DIRECTINPUT_VERSION undefined. Defaulting to version 0x0800
D:\Documents\Game\SE102.K11-Game\MyGameProject\Game\Main.cpp(49,1): warning C4244: 'argument': conversion from 'double' to 'int', possible loss of data
D:\Documents\Game\SE102.K11-Game\MyGameProject\Game\Main.cpp(110,14): warning C4244: 'argument': conversion from 'float' to 'DWORD', possible loss of data
  MenuScene.cpp
D:\Documents\Game\SE102.K11-Game\MyGameProject\Game\GameConfig.h(55,1): warning C4005: 'TEX_APPLE_WEAPON': macro redefinition
D:\Documents\Game\SE102.K11-Game\MyGameProject\Game\GameConfig.h(53): message : see previous definition of 'TEX_APPLE_WEAPON'
  C:\Program Files (x86)\Microsoft DirectX SDK (June 2010)\Include\dinput.h: DIRECTINPUT_VERSION undefined. Defaulting to version 0x0800
  ObjectPooling.cpp
D:\Documents\Game\SE102.K11-Game\MyGameProject\Game\GameConfig.h(55,1): warning C4005: 'TEX_APPLE_WEAPON': macro redefinition
D:\Documents\Game\SE102.K11-Game\MyGameProject\Game\GameConfig.h(53): message : see previous definition of 'TEX_APPLE_WEAPON'
  Obstacles.cpp
D:\Documents\Game\SE102.K11-Game\MyGameProject\Game\GameConfig.h(55,1): warning C4005: 'TEX_APPLE_WEAPON': macro redefinition
D:\Documents\Game\SE102.K11-Game\MyGameProject\Game\GameConfig.h(53): message : see previous definition of 'TEX_APPLE_WEAPON'
  Peddler.cpp
D:\Documents\Game\SE102.K11-Game\MyGameProject\Game\GameConfig.h(55,1): warning C4005: 'TEX_APPLE_WEAPON': macro redefinition
D:\Documents\Game\SE102.K11-Game\MyGameProject\Game\GameConfig.h(53): message : see previous definition of 'TEX_APPLE_WEAPON'
  C:\Program Files (x86)\Microsoft DirectX SDK (June 2010)\Include\dinput.h: DIRECTINPUT_VERSION undefined. Defaulting to version 0x0800
  Pillar.cpp
D:\Documents\Game\SE102.K11-Game\MyGameProject\Game\GameConfig.h(55,1): warning C4005: 'TEX_APPLE_WEAPON': macro redefinition
D:\Documents\Game\SE102.K11-Game\MyGameProject\Game\GameConfig.h(53): message : see previous definition of 'TEX_APPLE_WEAPON'
  Player.cpp
D:\Documents\Game\SE102.K11-Game\MyGameProject\Game\Player.cpp(1,10): warning C4067: unexpected tokens following preprocessor directive - expected a newline
D:\Documents\Game\SE102.K11-Game\MyGameProject\Game\GameConfig.h(55,1): warning C4005: 'TEX_APPLE_WEAPON': macro redefinition
D:\Documents\Game\SE102.K11-Game\MyGameProject\Game\GameConfig.h(53): message : see previous definition of 'TEX_APPLE_WEAPON'
  C:\Program Files (x86)\Microsoft DirectX SDK (June 2010)\Include\dinput.h: DIRECTINPUT_VERSION undefined. Defaulting to version 0x0800
D:\Documents\Game\SE102.K11-Game\MyGameProject\Game\Player.cpp(832,10): warning C4244: 'initializing': conversion from 'float' to 'int', possible loss of data
  PlayerClimbAttackState.cpp
D:\Documents\Game\SE102.K11-Game\MyGameProject\Game\GameConfig.h(55,1): warning C4005: 'TEX_APPLE_WEAPON': macro redefinition
D:\Documents\Game\SE102.K11-Game\MyGameProject\Game\GameConfig.h(53): message : see previous definition of 'TEX_APPLE_WEAPON'
  C:\Program Files (x86)\Microsoft DirectX SDK (June 2010)\Include\dinput.h: DIRECTINPUT_VERSION undefined. Defaulting to version 0x0800
D:\Documents\Game\SE102.K11-Game\MyGameProject\Game\PlayerClimbAttackState.cpp(31,59): warning C4244: 'argument': conversion from 'int' to 'float', possible loss of data
  PlayerClimbJumpState.cpp
D:\Documents\Game\SE102.K11-Game\MyGameProject\Game\GameConfig.h(55,1): warning C4005: 'TEX_APPLE_WEAPON': macro redefinition
D:\Documents\Game\SE102.K11-Game\MyGameProject\Game\GameConfig.h(53): message : see previous definition of 'TEX_APPLE_WEAPON'
  C:\Program Files (x86)\Microsoft DirectX SDK (June 2010)\Include\dinput.h: DIRECTINPUT_VERSION undefined. Defaulting to version 0x0800
  Generating Code...
D:\Documents\Game\SE102.K11-Game\MyGameProject\Game\Player.cpp(430): warning C4715: 'Player::GetState': not all control paths return a value
  Compiling...
  PlayerClimbState.cpp
D:\Documents\Game\SE102.K11-Game\MyGameProject\Game\GameConfig.h(55,1): warning C4005: 'TEX_APPLE_WEAPON': macro redefinition
D:\Documents\Game\SE102.K11-Game\MyGameProject\Game\GameConfig.h(53): message : see previous definition of 'TEX_APPLE_WEAPON'
  C:\Program Files (x86)\Microsoft DirectX SDK (June 2010)\Include\dinput.h: DIRECTINPUT_VERSION undefined. Defaulting to version 0x0800
D:\Documents\Game\SE102.K11-Game\MyGameProject\Game\PlayerClimbState.cpp(81,31): warning C4305: 'argument': truncation from 'double' to 'float'
D:\Documents\Game\SE102.K11-Game\MyGameProject\Game\PlayerClimbState.cpp(86,30): warning C4305: 'argument': truncation from 'double' to 'float'
  PlayerClimbThrowState.cpp
D:\Documents\Game\SE102.K11-Game\MyGameProject\Game\GameConfig.h(55,1): warning C4005: 'TEX_APPLE_WEAPON': macro redefinition
D:\Documents\Game\SE102.K11-Game\MyGameProject\Game\GameConfig.h(53): message : see previous definition of 'TEX_APPLE_WEAPON'
  C:\Program Files (x86)\Microsoft DirectX SDK (June 2010)\Include\dinput.h: DIRECTINPUT_VERSION undefined. Defaulting to version 0x0800
  PlayerData.cpp
  PlayerDeathState.cpp
D:\Documents\Game\SE102.K11-Game\MyGameProject\Game\GameConfig.h(55,1): warning C4005: 'TEX_APPLE_WEAPON': macro redefinition
D:\Documents\Game\SE102.K11-Game\MyGameProject\Game\GameConfig.h(53): message : see previous definition of 'TEX_APPLE_WEAPON'
  C:\Program Files (x86)\Microsoft DirectX SDK (June 2010)\Include\dinput.h: DIRECTINPUT_VERSION undefined. Defaulting to version 0x0800
  PlayerDuckAttackState.cpp
D:\Documents\Game\SE102.K11-Game\MyGameProject\Game\GameConfig.h(55,1): warning C4005: 'TEX_APPLE_WEAPON': macro redefinition
D:\Documents\Game\SE102.K11-Game\MyGameProject\Game\GameConfig.h(53): message : see previous definition of 'TEX_APPLE_WEAPON'
  C:\Program Files (x86)\Microsoft DirectX SDK (June 2010)\Include\dinput.h: DIRECTINPUT_VERSION undefined. Defaulting to version 0x0800
D:\Documents\Game\SE102.K11-Game\MyGameProject\Game\PlayerDuckAttackState.cpp(33,59): warning C4244: 'argument': conversion from 'int' to 'float', possible loss of data
  PlayerDuckState.cpp
D:\Documents\Game\SE102.K11-Game\MyGameProject\Game\GameConfig.h(55,1): warning C4005: 'TEX_APPLE_WEAPON': macro redefinition
D:\Documents\Game\SE102.K11-Game\MyGameProject\Game\GameConfig.h(53): message : see previous definition of 'TEX_APPLE_WEAPON'
  C:\Program Files (x86)\Microsoft DirectX SDK (June 2010)\Include\dinput.h: DIRECTINPUT_VERSION undefined. Defaulting to version 0x0800
D:\Documents\Game\SE102.K11-Game\MyGameProject\Game\PlayerDuckState.cpp(57,43): warning C4305: 'argument': truncation from 'double' to 'float'
D:\Documents\Game\SE102.K11-Game\MyGameProject\Game\PlayerDuckState.cpp(61,44): warning C4305: 'argument': truncation from 'double' to 'float'
  PlayerDuckThrowState.cpp
D:\Documents\Game\SE102.K11-Game\MyGameProject\Game\GameConfig.h(55,1): warning C4005: 'TEX_APPLE_WEAPON': macro redefinition
D:\Documents\Game\SE102.K11-Game\MyGameProject\Game\GameConfig.h(53): message : see previous definition of 'TEX_APPLE_WEAPON'
  C:\Program Files (x86)\Microsoft DirectX SDK (June 2010)\Include\dinput.h: DIRECTINPUT_VERSION undefined. Defaulting to version 0x0800
  PlayerFallState.cpp
D:\Documents\Game\SE102.K11-Game\MyGameProject\Game\GameConfig.h(55,1): warning C4005: 'TEX_APPLE_WEAPON': macro redefinition
D:\Documents\Game\SE102.K11-Game\MyGameProject\Game\GameConfig.h(53): message : see previous definition of 'TEX_APPLE_WEAPON'
  C:\Program Files (x86)\Microsoft DirectX SDK (June 2010)\Include\dinput.h: DIRECTINPUT_VERSION undefined. Defaulting to version 0x0800
  PlayerIdleAttackState.cpp
D:\Documents\Game\SE102.K11-Game\MyGameProject\Game\GameConfig.h(55,1): warning C4005: 'TEX_APPLE_WEAPON': macro redefinition
D:\Documents\Game\SE102.K11-Game\MyGameProject\Game\GameConfig.h(53): message : see previous definition of 'TEX_APPLE_WEAPON'
  C:\Program Files (x86)\Microsoft DirectX SDK (June 2010)\Include\dinput.h: DIRECTINPUT_VERSION undefined. Defaulting to version 0x0800
D:\Documents\Game\SE102.K11-Game\MyGameProject\Game\PlayerIdleAttackState.cpp(58,59): warning C4244: 'argument': conversion from 'int' to 'float', possible loss of data
  PlayerIdleState.cpp
D:\Documents\Game\SE102.K11-Game\MyGameProject\Game\GameConfig.h(55,1): warning C4005: 'TEX_APPLE_WEAPON': macro redefinition
D:\Documents\Game\SE102.K11-Game\MyGameProject\Game\GameConfig.h(53): message : see previous definition of 'TEX_APPLE_WEAPON'
  C:\Program Files (x86)\Microsoft DirectX SDK (June 2010)\Include\dinput.h: DIRECTINPUT_VERSION undefined. Defaulting to version 0x0800
  PlayerIdleThrowState.cpp
D:\Documents\Game\SE102.K11-Game\MyGameProject\Game\GameConfig.h(55,1): warning C4005: 'TEX_APPLE_WEAPON': macro redefinition
D:\Documents\Game\SE102.K11-Game\MyGameProject\Game\GameConfig.h(53): message : see previous definition of 'TEX_APPLE_WEAPON'
  C:\Program Files (x86)\Microsoft DirectX SDK (June 2010)\Include\dinput.h: DIRECTINPUT_VERSION undefined. Defaulting to version 0x0800
  PlayerInjuredState.cpp
D:\Documents\Game\SE102.K11-Game\MyGameProject\Game\GameConfig.h(55,1): warning C4005: 'TEX_APPLE_WEAPON': macro redefinition
D:\Documents\Game\SE102.K11-Game\MyGameProject\Game\GameConfig.h(53): message : see previous definition of 'TEX_APPLE_WEAPON'
  C:\Program Files (x86)\Microsoft DirectX SDK (June 2010)\Include\dinput.h: DIRECTINPUT_VERSION undefined. Defaulting to version 0x0800
  PlayerJumpAttack.cpp
D:\Documents\Game\SE102.K11-Game\MyGameProject\Game\GameConfig.h(55,1): warning C4005: 'TEX_APPLE_WEAPON': macro redefinition
D:\Documents\Game\SE102.K11-Game\MyGameProject\Game\GameConfig.h(53): message : see previous definition of 'TEX_APPLE_WEAPON'
  C:\Program Files (x86)\Microsoft DirectX SDK (June 2010)\Include\dinput.h: DIRECTINPUT_VERSION undefined. Defaulting to version 0x0800
D:\Documents\Game\SE102.K11-Game\MyGameProject\Game\PlayerJumpAttack.cpp(59,59): warning C4244: 'argument': conversion from 'int' to 'float', possible loss of data
  PlayerJumpCrossState.cpp
D:\Documents\Game\SE102.K11-Game\MyGameProject\Game\GameConfig.h(55,1): warning C4005: 'TEX_APPLE_WEAPON': macro redefinition
D:\Documents\Game\SE102.K11-Game\MyGameProject\Game\GameConfig.h(53): message : see previous definition of 'TEX_APPLE_WEAPON'
  C:\Program Files (x86)\Microsoft DirectX SDK (June 2010)\Include\dinput.h: DIRECTINPUT_VERSION undefined. Defaulting to version 0x0800
  PlayerJumpState.cpp
D:\Documents\Game\SE102.K11-Game\MyGameProject\Game\GameConfig.h(55,1): warning C4005: 'TEX_APPLE_WEAPON': macro redefinition
D:\Documents\Game\SE102.K11-Game\MyGameProject\Game\GameConfig.h(53): message : see previous definition of 'TEX_APPLE_WEAPON'
  C:\Program Files (x86)\Microsoft DirectX SDK (June 2010)\Include\dinput.h: DIRECTINPUT_VERSION undefined. Defaulting to version 0x0800
D:\Documents\Game\SE102.K11-Game\MyGameProject\Game\PlayerJumpState.cpp(25,18): warning C4553: '==': result of expression not used; did you intend '='?
  PlayerJumpThrowState.cpp
D:\Documents\Game\SE102.K11-Game\MyGameProject\Game\GameConfig.h(55,1): warning C4005: 'TEX_APPLE_WEAPON': macro redefinition
D:\Documents\Game\SE102.K11-Game\MyGameProject\Game\GameConfig.h(53): message : see previous definition of 'TEX_APPLE_WEAPON'
  C:\Program Files (x86)\Microsoft DirectX SDK (June 2010)\Include\dinput.h: DIRECTINPUT_VERSION undefined. Defaulting to version 0x0800
  PlayerLookUpAttackState.cpp
D:\Documents\Game\SE102.K11-Game\MyGameProject\Game\GameConfig.h(55,1): warning C4005: 'TEX_APPLE_WEAPON': macro redefinition
D:\Documents\Game\SE102.K11-Game\MyGameProject\Game\GameConfig.h(53): message : see previous definition of 'TEX_APPLE_WEAPON'
  C:\Program Files (x86)\Microsoft DirectX SDK (June 2010)\Include\dinput.h: DIRECTINPUT_VERSION undefined. Defaulting to version 0x0800
D:\Documents\Game\SE102.K11-Game\MyGameProject\Game\PlayerLookUpAttackState.cpp(53,59): warning C4244: 'argument': conversion from 'int' to 'float', possible loss of data
D:\Documents\Game\SE102.K11-Game\MyGameProject\Game\PlayerLookUpAttackState.cpp(53,125): warning C4244: 'argument': conversion from 'int' to 'float', possible loss of data
  PLayerLookUpState.cpp
D:\Documents\Game\SE102.K11-Game\MyGameProject\Game\GameConfig.h(55,1): warning C4005: 'TEX_APPLE_WEAPON': macro redefinition
D:\Documents\Game\SE102.K11-Game\MyGameProject\Game\GameConfig.h(53): message : see previous definition of 'TEX_APPLE_WEAPON'
  C:\Program Files (x86)\Microsoft DirectX SDK (June 2010)\Include\dinput.h: DIRECTINPUT_VERSION undefined. Defaulting to version 0x0800
D:\Documents\Game\SE102.K11-Game\MyGameProject\Game\PLayerLookUpState.cpp(54,43): warning C4305: 'argument': truncation from 'double' to 'float'
D:\Documents\Game\SE102.K11-Game\MyGameProject\Game\PLayerLookUpState.cpp(58,44): warning C4305: 'argument': truncation from 'double' to 'float'
  PlayerPushState.cpp
D:\Documents\Game\SE102.K11-Game\MyGameProject\Game\GameConfig.h(55,1): warning C4005: 'TEX_APPLE_WEAPON': macro redefinition
D:\Documents\Game\SE102.K11-Game\MyGameProject\Game\GameConfig.h(53): message : see previous definition of 'TEX_APPLE_WEAPON'
  C:\Program Files (x86)\Microsoft DirectX SDK (June 2010)\Include\dinput.h: DIRECTINPUT_VERSION undefined. Defaulting to version 0x0800
  PlayerRunAttackState.cpp
D:\Documents\Game\SE102.K11-Game\MyGameProject\Game\GameConfig.h(55,1): warning C4005: 'TEX_APPLE_WEAPON': macro redefinition
D:\Documents\Game\SE102.K11-Game\MyGameProject\Game\GameConfig.h(53): message : see previous definition of 'TEX_APPLE_WEAPON'
  C:\Program Files (x86)\Microsoft DirectX SDK (June 2010)\Include\dinput.h: DIRECTINPUT_VERSION undefined. Defaulting to version 0x0800
D:\Documents\Game\SE102.K11-Game\MyGameProject\Game\PlayerRunAttackState.cpp(9,85): warning C4305: 'argument': truncation from 'double' to 'float'
D:\Documents\Game\SE102.K11-Game\MyGameProject\Game\PlayerRunAttackState.cpp(57,59): warning C4244: 'argument': conversion from 'int' to 'float', possible loss of data
  Generating Code...
  Compiling...
  PlayerRunState.cpp
D:\Documents\Game\SE102.K11-Game\MyGameProject\Game\GameConfig.h(55,1): warning C4005: 'TEX_APPLE_WEAPON': macro redefinition
D:\Documents\Game\SE102.K11-Game\MyGameProject\Game\GameConfig.h(53): message : see previous definition of 'TEX_APPLE_WEAPON'
  C:\Program Files (x86)\Microsoft DirectX SDK (June 2010)\Include\dinput.h: DIRECTINPUT_VERSION undefined. Defaulting to version 0x0800
  PlayerRunThrowState.cpp
D:\Documents\Game\SE102.K11-Game\MyGameProject\Game\GameConfig.h(55,1): warning C4005: 'TEX_APPLE_WEAPON': macro redefinition
D:\Documents\Game\SE102.K11-Game\MyGameProject\Game\GameConfig.h(53): message : see previous definition of 'TEX_APPLE_WEAPON'
  C:\Program Files (x86)\Microsoft DirectX SDK (June 2010)\Include\dinput.h: DIRECTINPUT_VERSION undefined. Defaulting to version 0x0800
  PlayerSlideState.cpp
D:\Documents\Game\SE102.K11-Game\MyGameProject\Game\GameConfig.h(55,1): warning C4005: 'TEX_APPLE_WEAPON': macro redefinition
D:\Documents\Game\SE102.K11-Game\MyGameProject\Game\GameConfig.h(53): message : see previous definition of 'TEX_APPLE_WEAPON'
  C:\Program Files (x86)\Microsoft DirectX SDK (June 2010)\Include\dinput.h: DIRECTINPUT_VERSION undefined. Defaulting to version 0x0800
  PlayerSomersaultState.cpp
D:\Documents\Game\SE102.K11-Game\MyGameProject\Game\GameConfig.h(55,1): warning C4005: 'TEX_APPLE_WEAPON': macro redefinition
D:\Documents\Game\SE102.K11-Game\MyGameProject\Game\GameConfig.h(53): message : see previous definition of 'TEX_APPLE_WEAPON'
  C:\Program Files (x86)\Microsoft DirectX SDK (June 2010)\Include\dinput.h: DIRECTINPUT_VERSION undefined. Defaulting to version 0x0800
  PlayerTouchGroundState.cpp
D:\Documents\Game\SE102.K11-Game\MyGameProject\Game\GameConfig.h(55,1): warning C4005: 'TEX_APPLE_WEAPON': macro redefinition
D:\Documents\Game\SE102.K11-Game\MyGameProject\Game\GameConfig.h(53): message : see previous definition of 'TEX_APPLE_WEAPON'
  C:\Program Files (x86)\Microsoft DirectX SDK (June 2010)\Include\dinput.h: DIRECTINPUT_VERSION undefined. Defaulting to version 0x0800
  RevivingScene.cpp
D:\Documents\Game\SE102.K11-Game\MyGameProject\Game\GameConfig.h(55,1): warning C4005: 'TEX_APPLE_WEAPON': macro redefinition
D:\Documents\Game\SE102.K11-Game\MyGameProject\Game\GameConfig.h(53): message : see previous definition of 'TEX_APPLE_WEAPON'
  C:\Program Files (x86)\Microsoft DirectX SDK (June 2010)\Include\dinput.h: DIRECTINPUT_VERSION undefined. Defaulting to version 0x0800
D:\Documents\Game\SE102.K11-Game\MyGameProject\Game\RevivingScene.cpp(31,99): warning C4244: 'argument': conversion from 'int' to 'FLOAT', possible loss of data
D:\Documents\Game\SE102.K11-Game\MyGameProject\Game\RevivingScene.cpp(31,43): warning C4244: 'argument': conversion from 'int' to 'FLOAT', possible loss of data
  Scene.cpp
D:\Documents\Game\SE102.K11-Game\MyGameProject\Game\GameConfig.h(55,1): warning C4005: 'TEX_APPLE_WEAPON': macro redefinition
D:\Documents\Game\SE102.K11-Game\MyGameProject\Game\GameConfig.h(53): message : see previous definition of 'TEX_APPLE_WEAPON'
  SceneManager.cpp
D:\Documents\Game\SE102.K11-Game\MyGameProject\Game\GameConfig.h(55,1): warning C4005: 'TEX_APPLE_WEAPON': macro redefinition
D:\Documents\Game\SE102.K11-Game\MyGameProject\Game\GameConfig.h(53): message : see previous definition of 'TEX_APPLE_WEAPON'
  C:\Program Files (x86)\Microsoft DirectX SDK (June 2010)\Include\dinput.h: DIRECTINPUT_VERSION undefined. Defaulting to version 0x0800
  Skeleton.cpp
D:\Documents\Game\SE102.K11-Game\MyGameProject\Game\GameConfig.h(55,1): warning C4005: 'TEX_APPLE_WEAPON': macro redefinition
D:\Documents\Game\SE102.K11-Game\MyGameProject\Game\GameConfig.h(53): message : see previous definition of 'TEX_APPLE_WEAPON'
  C:\Program Files (x86)\Microsoft DirectX SDK (June 2010)\Include\dinput.h: DIRECTINPUT_VERSION undefined. Defaulting to version 0x0800
  SkeletonIdleState.cpp
D:\Documents\Game\SE102.K11-Game\MyGameProject\Game\GameConfig.h(55,1): warning C4005: 'TEX_APPLE_WEAPON': macro redefinition
D:\Documents\Game\SE102.K11-Game\MyGameProject\Game\GameConfig.h(53): message : see previous definition of 'TEX_APPLE_WEAPON'
  C:\Program Files (x86)\Microsoft DirectX SDK (June 2010)\Include\dinput.h: DIRECTINPUT_VERSION undefined. Defaulting to version 0x0800
  SkeletonWeapon.cpp
D:\Documents\Game\SE102.K11-Game\MyGameProject\Game\GameConfig.h(55,1): warning C4005: 'TEX_APPLE_WEAPON': macro redefinition
D:\Documents\Game\SE102.K11-Game\MyGameProject\Game\GameConfig.h(53): message : see previous definition of 'TEX_APPLE_WEAPON'
  C:\Program Files (x86)\Microsoft DirectX SDK (June 2010)\Include\dinput.h: DIRECTINPUT_VERSION undefined. Defaulting to version 0x0800
  SkeletonWeaponExplosion.cpp
D:\Documents\Game\SE102.K11-Game\MyGameProject\Game\GameConfig.h(55,1): warning C4005: 'TEX_APPLE_WEAPON': macro redefinition
D:\Documents\Game\SE102.K11-Game\MyGameProject\Game\GameConfig.h(53): message : see previous definition of 'TEX_APPLE_WEAPON'
  SmallItemExplosion.cpp
D:\Documents\Game\SE102.K11-Game\MyGameProject\Game\GameConfig.h(55,1): warning C4005: 'TEX_APPLE_WEAPON': macro redefinition
D:\Documents\Game\SE102.K11-Game\MyGameProject\Game\GameConfig.h(53): message : see previous definition of 'TEX_APPLE_WEAPON'
  SnakeAttackState.cpp
D:\Documents\Game\SE102.K11-Game\MyGameProject\Game\GameConfig.h(55,1): warning C4005: 'TEX_APPLE_WEAPON': macro redefinition
D:\Documents\Game\SE102.K11-Game\MyGameProject\Game\GameConfig.h(53): message : see previous definition of 'TEX_APPLE_WEAPON'
  C:\Program Files (x86)\Microsoft DirectX SDK (June 2010)\Include\dinput.h: DIRECTINPUT_VERSION undefined. Defaulting to version 0x0800
  SnakeJafarWeapon.cpp
D:\Documents\Game\SE102.K11-Game\MyGameProject\Game\GameConfig.h(55,1): warning C4005: 'TEX_APPLE_WEAPON': macro redefinition
D:\Documents\Game\SE102.K11-Game\MyGameProject\Game\GameConfig.h(53): message : see previous definition of 'TEX_APPLE_WEAPON'
  C:\Program Files (x86)\Microsoft DirectX SDK (June 2010)\Include\dinput.h: DIRECTINPUT_VERSION undefined. Defaulting to version 0x0800
  SnakePillar.cpp
D:\Documents\Game\SE102.K11-Game\MyGameProject\Game\GameConfig.h(55,1): warning C4005: 'TEX_APPLE_WEAPON': macro redefinition
D:\Documents\Game\SE102.K11-Game\MyGameProject\Game\GameConfig.h(53): message : see previous definition of 'TEX_APPLE_WEAPON'
  C:\Program Files (x86)\Microsoft DirectX SDK (June 2010)\Include\dinput.h: DIRECTINPUT_VERSION undefined. Defaulting to version 0x0800
  Sound.cpp
D:\Documents\Game\SE102.K11-Game\MyGameProject\Game\GameConfig.h(55,1): warning C4005: 'TEX_APPLE_WEAPON': macro redefinition
D:\Documents\Game\SE102.K11-Game\MyGameProject\Game\GameConfig.h(53): message : see previous definition of 'TEX_APPLE_WEAPON'
D:\Documents\Game\SE102.K11-Game\MyGameProject\Game\Sound.cpp(165,14): warning C4244: 'initializing': conversion from 'double' to 'long', possible loss of data
  Spike.cpp
D:\Documents\Game\SE102.K11-Game\MyGameProject\Game\GameConfig.h(55,1): warning C4005: 'TEX_APPLE_WEAPON': macro redefinition
D:\Documents\Game\SE102.K11-Game\MyGameProject\Game\GameConfig.h(53): message : see previous definition of 'TEX_APPLE_WEAPON'
  Sprites.cpp
D:\Documents\Game\SE102.K11-Game\MyGameProject\Game\GameConfig.h(55,1): warning C4005: 'TEX_APPLE_WEAPON': macro redefinition
D:\Documents\Game\SE102.K11-Game\MyGameProject\Game\GameConfig.h(53): message : see previous definition of 'TEX_APPLE_WEAPON'
D:\Documents\Game\SE102.K11-Game\MyGameProject\Game\Sprites.cpp(8,21): warning C4244: '=': conversion from 'float' to 'int', possible loss of data
D:\Documents\Game\SE102.K11-Game\MyGameProject\Game\Sprites.cpp(9,23): warning C4244: '=': conversion from 'float' to 'int', possible loss of data
D:\Documents\Game\SE102.K11-Game\MyGameProject\Game\Sprites.cpp(18,40): warning C4244: 'argument': conversion from 'int' to 'float', possible loss of data
D:\Documents\Game\SE102.K11-Game\MyGameProject\Game\Sprites.cpp(18,33): warning C4244: 'argument': conversion from 'int' to 'float', possible loss of data
D:\Documents\Game\SE102.K11-Game\MyGameProject\Game\Sprites.cpp(54,22): warning C4244: '=': conversion from 'float' to 'int', possible loss of data
D:\Documents\Game\SE102.K11-Game\MyGameProject\Game\Sprites.cpp(64,24): warning C4244: '=': conversion from 'float' to 'int', possible loss of data
D:\Documents\Game\SE102.K11-Game\MyGameProject\Game\Sprites.cpp(72,21): warning C4244: '=': conversion from 'int' to 'float', possible loss of data
D:\Documents\Game\SE102.K11-Game\MyGameProject\Game\Sprites.cpp(74,22): warning C4244: '=': conversion from 'int' to 'float', possible loss of data
D:\Documents\Game\SE102.K11-Game\MyGameProject\Game\Sprites.cpp(37,10): warning C4101: 'result': unreferenced local variable
D:\Documents\Game\SE102.K11-Game\MyGameProject\Game\Sprites.cpp(161,14): warning C4244: '=': conversion from 'int' to 'float', possible loss of data
D:\Documents\Game\SE102.K11-Game\MyGameProject\Game\Sprites.cpp(162,14): warning C4244: '=': conversion from 'int' to 'float', possible loss of data
D:\Documents\Game\SE102.K11-Game\MyGameProject\Game\Sprites.cpp(175,4): warning C4244: 'argument': conversion from 'int' to 'FLOAT', possible loss of data
  PlayerState.cpp
D:\Documents\Game\SE102.K11-Game\MyGameProject\Game\GameConfig.h(55,1): warning C4005: 'TEX_APPLE_WEAPON': macro redefinition
D:\Documents\Game\SE102.K11-Game\MyGameProject\Game\GameConfig.h(53): message : see previous definition of 'TEX_APPLE_WEAPON'
  C:\Program Files (x86)\Microsoft DirectX SDK (June 2010)\Include\dinput.h: DIRECTINPUT_VERSION undefined. Defaulting to version 0x0800
  Generating Code...
D:\Documents\Game\SE102.K11-Game\MyGameProject\Game\Sound.cpp(89): warning C4715: 'Sound::InitDirectSound': not all control paths return a value
D:\Documents\Game\SE102.K11-Game\MyGameProject\Game\SceneManager.cpp(27): warning C4715: 'SceneManager::GetPlayScene': not all control paths return a value
  Compiling...
  Stone.cpp
D:\Documents\Game\SE102.K11-Game\MyGameProject\Game\GameConfig.h(55,1): warning C4005: 'TEX_APPLE_WEAPON': macro redefinition
D:\Documents\Game\SE102.K11-Game\MyGameProject\Game\GameConfig.h(53): message : see previous definition of 'TEX_APPLE_WEAPON'
  C:\Program Files (x86)\Microsoft DirectX SDK (June 2010)\Include\dinput.h: DIRECTINPUT_VERSION undefined. Defaulting to version 0x0800
  SultanDungeon.cpp
D:\Documents\Game\SE102.K11-Game\MyGameProject\Game\GameConfig.h(55,1): warning C4005: 'TEX_APPLE_WEAPON': macro redefinition
D:\Documents\Game\SE102.K11-Game\MyGameProject\Game\GameConfig.h(53): message : see previous definition of 'TEX_APPLE_WEAPON'
  C:\Program Files (x86)\Microsoft DirectX SDK (June 2010)\Include\dinput.h: DIRECTINPUT_VERSION undefined. Defaulting to version 0x0800
D:\Documents\Game\SE102.K11-Game\MyGameProject\Game\SultanDungeon.cpp(48,12): warning C4244: 'argument': conversion from 'time_t' to 'unsigned int', possible loss of data
D:\Documents\Game\SE102.K11-Game\MyGameProject\Game\SultanDungeon.cpp(76,39): warning C4244: 'argument': conversion from 'int' to 'float', possible loss of data
  Support.cpp
D:\Documents\Game\SE102.K11-Game\MyGameProject\Game\GameConfig.h(55,1): warning C4005: 'TEX_APPLE_WEAPON': macro redefinition
D:\Documents\Game\SE102.K11-Game\MyGameProject\Game\GameConfig.h(53): message : see previous definition of 'TEX_APPLE_WEAPON'
D:\Documents\Game\SE102.K11-Game\MyGameProject\Game\Support.cpp(6,13): warning C4244: '=': conversion from 'float' to 'LONG', possible loss of data
D:\Documents\Game\SE102.K11-Game\MyGameProject\Game\Support.cpp(7,14): warning C4244: '=': conversion from 'float' to 'LONG', possible loss of data
D:\Documents\Game\SE102.K11-Game\MyGameProject\Game\Support.cpp(8,16): warning C4244: '=': conversion from 'float' to 'LONG', possible loss of data
D:\Documents\Game\SE102.K11-Game\MyGameProject\Game\Support.cpp(9,15): warning C4244: '=': conversion from 'float' to 'LONG', possible loss of data
D:\Documents\Game\SE102.K11-Game\MyGameProject\Game\Support.cpp(59,12): warning C4244: '=': conversion from 'int' to 'float', possible loss of data
D:\Documents\Game\SE102.K11-Game\MyGameProject\Game\Support.cpp(61,15): warning C4244: '=': conversion from 'int' to 'float', possible loss of data
D:\Documents\Game\SE102.K11-Game\MyGameProject\Game\Support.cpp(62,22): warning C4244: '=': conversion from 'int' to 'float', possible loss of data
  Surface.cpp
D:\Documents\Game\SE102.K11-Game\MyGameProject\Game\GameConfig.h(55,1): warning C4005: 'TEX_APPLE_WEAPON': macro redefinition
D:\Documents\Game\SE102.K11-Game\MyGameProject\Game\GameConfig.h(53): message : see previous definition of 'TEX_APPLE_WEAPON'
  Textures.cpp
D:\Documents\Game\SE102.K11-Game\MyGameProject\Game\GameConfig.h(55,1): warning C4005: 'TEX_APPLE_WEAPON': macro redefinition
D:\Documents\Game\SE102.K11-Game\MyGameProject\Game\GameConfig.h(53): message : see previous definition of 'TEX_APPLE_WEAPON'
  ThinGuard.cpp
D:\Documents\Game\SE102.K11-Game\MyGameProject\Game\GameConfig.h(55,1): warning C4005: 'TEX_APPLE_WEAPON': macro redefinition
D:\Documents\Game\SE102.K11-Game\MyGameProject\Game\GameConfig.h(53): message : see previous definition of 'TEX_APPLE_WEAPON'
  C:\Program Files (x86)\Microsoft DirectX SDK (June 2010)\Include\dinput.h: DIRECTINPUT_VERSION undefined. Defaulting to version 0x0800
  ThinGuardAttackState.cpp
D:\Documents\Game\SE102.K11-Game\MyGameProject\Game\GameConfig.h(55,1): warning C4005: 'TEX_APPLE_WEAPON': macro redefinition
D:\Documents\Game\SE102.K11-Game\MyGameProject\Game\GameConfig.h(53): message : see previous definition of 'TEX_APPLE_WEAPON'
  C:\Program Files (x86)\Microsoft DirectX SDK (June 2010)\Include\dinput.h: DIRECTINPUT_VERSION undefined. Defaulting to version 0x0800
D:\Documents\Game\SE102.K11-Game\MyGameProject\Game\ThinGuardAttackState.cpp(7,128): warning C4305: 'argument': truncation from 'double' to 'float'
  ThinGuardFollowPlayer.cpp
D:\Documents\Game\SE102.K11-Game\MyGameProject\Game\GameConfig.h(55,1): warning C4005: 'TEX_APPLE_WEAPON': macro redefinition
D:\Documents\Game\SE102.K11-Game\MyGameProject\Game\GameConfig.h(53): message : see previous definition of 'TEX_APPLE_WEAPON'
  C:\Program Files (x86)\Microsoft DirectX SDK (June 2010)\Include\dinput.h: DIRECTINPUT_VERSION undefined. Defaulting to version 0x0800
D:\Documents\Game\SE102.K11-Game\MyGameProject\Game\ThinGuardFollowPlayer.cpp(6,130): warning C4305: 'argument': truncation from 'double' to 'float'
  ThinGuardIdleState.cpp
D:\Documents\Game\SE102.K11-Game\MyGameProject\Game\GameConfig.h(55,1): warning C4005: 'TEX_APPLE_WEAPON': macro redefinition
D:\Documents\Game\SE102.K11-Game\MyGameProject\Game\GameConfig.h(53): message : see previous definition of 'TEX_APPLE_WEAPON'
  C:\Program Files (x86)\Microsoft DirectX SDK (June 2010)\Include\dinput.h: DIRECTINPUT_VERSION undefined. Defaulting to version 0x0800
  ThinGuardInjuredState.cpp
D:\Documents\Game\SE102.K11-Game\MyGameProject\Game\GameConfig.h(55,1): warning C4005: 'TEX_APPLE_WEAPON': macro redefinition
D:\Documents\Game\SE102.K11-Game\MyGameProject\Game\GameConfig.h(53): message : see previous definition of 'TEX_APPLE_WEAPON'
  C:\Program Files (x86)\Microsoft DirectX SDK (June 2010)\Include\dinput.h: DIRECTINPUT_VERSION undefined. Defaulting to version 0x0800
  Unit.cpp
D:\Documents\Game\SE102.K11-Game\MyGameProject\Game\GameConfig.h(55,1): warning C4005: 'TEX_APPLE_WEAPON': macro redefinition
D:\Documents\Game\SE102.K11-Game\MyGameProject\Game\GameConfig.h(53): message : see previous definition of 'TEX_APPLE_WEAPON'
  Weapon.cpp
D:\Documents\Game\SE102.K11-Game\MyGameProject\Game\GameConfig.h(55,1): warning C4005: 'TEX_APPLE_WEAPON': macro redefinition
D:\Documents\Game\SE102.K11-Game\MyGameProject\Game\GameConfig.h(53): message : see previous definition of 'TEX_APPLE_WEAPON'
  C:\Program Files (x86)\Microsoft DirectX SDK (June 2010)\Include\dinput.h: DIRECTINPUT_VERSION undefined. Defaulting to version 0x0800
  Generating Code...
  Game.vcxproj -> D:\Documents\Game\SE102.K11-Game\MyGameProject\Debug\Game.exe
